<?xml version="1.0" encoding="UTF-8"?>
<!-- Generated by org.testng.reporters.JUnitReportReporter -->
<testsuite hostname="LT-SAKSHI" failures="0" tests="26" name="com.TransBnk.TestClass_Deals.TestClass_AutoSign_Deal_Without_Template" time="257.279" errors="0" timestamp="2024-06-19T10:31:52 IST" skipped="0">
  <testcase classname="com.TransBnk.TestClass_Deals.TestClass_AutoSign_Deal_Without_Template" name="Verify_Select_Entity" time="6.818"/>
  <testcase classname="com.TransBnk.TestClass_Deals.TestClass_AutoSign_Deal_Without_Template" name="Verify_Select_Product" time="3.545"/>
  <testcase classname="com.TransBnk.TestClass_Deals.TestClass_AutoSign_Deal_Without_Template" name="VerifyClickOnDocuflow" time="2.089"/>
  <testcase classname="com.TransBnk.TestClass_Deals.TestClass_AutoSign_Deal_Without_Template" name="VerifyClickOnDeals" time="0.662"/>
  <testcase classname="com.TransBnk.TestClass_Deals.TestClass_AutoSign_Deal_Without_Template" name="ClickOn_Create_button" time="4.134"/>
  <testcase classname="com.TransBnk.TestClass_Deals.TestClass_AutoSign_Deal_Without_Template" name="Verify_Deal_creation_page" time="17.688"/>
  <testcase classname="com.TransBnk.TestClass_Deals.TestClass_AutoSign_Deal_Without_Template" name="Verify_EnterNumberOfParties" time="28.122"/>
  <testcase classname="com.TransBnk.TestClass_Deals.TestClass_AutoSign_Deal_Without_Template" name="Verify_autoSign_forParty1" time="11.186"/>
  <testcase classname="com.TransBnk.TestClass_Deals.TestClass_AutoSign_Deal_Without_Template" name="Verify_CustomeSignatoriesFor_autoSignatoriesParty" time="8.241"/>
  <testcase classname="com.TransBnk.TestClass_Deals.TestClass_AutoSign_Deal_Without_Template" name="ClickOnDropDown_Party2" time="4.087"/>
  <testcase classname="com.TransBnk.TestClass_Deals.TestClass_AutoSign_Deal_Without_Template" name="AddCustomSignatories_Party2" time="5.506"/>
  <testcase classname="com.TransBnk.TestClass_Deals.TestClass_AutoSign_Deal_Without_Template" name="Verify_EmptyFieldValidation_CustomeSignatories" time="0.545"/>
  <testcase classname="com.TransBnk.TestClass_Deals.TestClass_AutoSign_Deal_Without_Template" name="VerifyInvalidInputs_fieldValidation_CustomeSignatories" time="1.378"/>
  <testcase classname="com.TransBnk.TestClass_Deals.TestClass_AutoSign_Deal_Without_Template" name="ClickOnAddCustomSignatories_Party2" time="5.439"/>
  <testcase classname="com.TransBnk.TestClass_Deals.TestClass_AutoSign_Deal_Without_Template" name="EnterValidDetails_CustomSignatories_Party2" time="7.063"/>
  <testcase classname="com.TransBnk.TestClass_Deals.TestClass_AutoSign_Deal_Without_Template" name="Verify_AddCustomSignatories_party3" time="17.508"/>
  <testcase classname="com.TransBnk.TestClass_Deals.TestClass_AutoSign_Deal_Without_Template" name="Verify_performActionsBasedOnDealRefID" time="6.440"/>
  <testcase classname="com.TransBnk.TestClass_Deals.TestClass_AutoSign_Deal_Without_Template" name="Verify_ClickOnSendForExecutionButton" time="3.045"/>
  <testcase classname="com.TransBnk.TestClass_Deals.TestClass_AutoSign_Deal_Without_Template" name="Verify_ReadMailAnd_ClickOnReviewSignButton_forDealWithoutTemplate" time="111.296"/>
  <testcase classname="com.TransBnk.TestClass_Deals.TestClass_AutoSign_Deal_Without_Template" name="Verify_ClickOnVerifyButton" time="0.583"/>
  <testcase classname="com.TransBnk.TestClass_Deals.TestClass_AutoSign_Deal_Without_Template" name="Verify_ClickOnCheckBox" time="2.069"/>
  <testcase classname="com.TransBnk.TestClass_Deals.TestClass_AutoSign_Deal_Without_Template" name="Verify_ClickOnProceedToSignButton" time="0.567"/>
  <testcase classname="com.TransBnk.TestClass_Deals.TestClass_AutoSign_Deal_Without_Template" name="Verify_ClickOnCheckBoxOnAdharCard" time="5.051"/>
  <testcase classname="com.TransBnk.TestClass_Deals.TestClass_AutoSign_Deal_Without_Template" name="Verify_EnterAdharNumber" time="0.587"/>
  <testcase classname="com.TransBnk.TestClass_Deals.TestClass_AutoSign_Deal_Without_Template" name="Verify_ClickOnSendOTPbutton" time="3.612"/>
  <testcase classname="com.TransBnk.TestClass_Deals.TestClass_AutoSign_Deal_Without_Template" name="Verify_SwitchToMainTab" time="0.018"/>
</testsuite> <!-- com.TransBnk.TestClass_Deals.TestClass_AutoSign_Deal_Without_Template -->
