<?xml version="1.0" encoding="UTF-8"?>
<!-- Generated by org.testng.reporters.JUnitReportReporter -->
<testsuite hostname="LT-SAKSHI" failures="0" tests="1" name="com.TransBnk.TestClass_Deals.TestClass_Login" time="1.880" errors="0" timestamp="2024-08-20T18:14:14 IST" skipped="0">
  <testcase classname="com.TransBnk.TestClass_Deals.TestClass_Login" name="Verify_Valid_input_SignInPage" time="1.880"/>
</testsuite> <!-- com.TransBnk.TestClass_Deals.TestClass_Login -->
