<?xml version="1.0" encoding="UTF-8"?>
<!-- Generated by org.testng.reporters.JUnitReportReporter -->
<testsuite hostname="LT-SAKSHI" failures="0" tests="27" name="com.TransBnk.TestClass_Payouts.TestClass_UploadBulkPayoutFor_RBL_Bank" time="40.010" errors="0" timestamp="2024-07-19T15:23:21 IST" skipped="0">
  <testcase classname="com.TransBnk.TestClass_Payouts.TestClass_UploadBulkPayoutFor_RBL_Bank" name="Verify_Select_Entity" time="7.258"/>
  <testcase classname="com.TransBnk.TestClass_Payouts.TestClass_UploadBulkPayoutFor_RBL_Bank" name="Verify_Select_Product" time="3.371"/>
  <testcase classname="com.TransBnk.TestClass_Payouts.TestClass_UploadBulkPayoutFor_RBL_Bank" name="Verify_ClickOn_PayoutService" time="1.399"/>
  <testcase classname="com.TransBnk.TestClass_Payouts.TestClass_UploadBulkPayoutFor_RBL_Bank" name="Verify_ClickOn_Bulk_PayoutOption" time="0.876"/>
  <testcase classname="com.TransBnk.TestClass_Payouts.TestClass_UploadBulkPayoutFor_RBL_Bank" name="Verify_ClickOn_Add_Bulk_Payout_Button" time="2.448"/>
  <testcase classname="com.TransBnk.TestClass_Payouts.TestClass_UploadBulkPayoutFor_RBL_Bank" name="Veirfy_SelectBankName" time="2.088"/>
  <testcase classname="com.TransBnk.TestClass_Payouts.TestClass_UploadBulkPayoutFor_RBL_Bank" name="Verify_Upload_BlankBulkPayoutFile" time="0.650"/>
  <testcase classname="com.TransBnk.TestClass_Payouts.TestClass_UploadBulkPayoutFor_RBL_Bank" name="Veirfy_ErrorValidationForUploading_BlankFile" time="0.183"/>
  <testcase classname="com.TransBnk.TestClass_Payouts.TestClass_UploadBulkPayoutFor_RBL_Bank" name="ClickOn_CancelButton" time="0.642"/>
  <testcase classname="com.TransBnk.TestClass_Payouts.TestClass_UploadBulkPayoutFor_RBL_Bank" name="Verify_BulkPayoutExcelFile_Headers_DBSBank" time="0.099"/>
  <testcase classname="com.TransBnk.TestClass_Payouts.TestClass_UploadBulkPayoutFor_RBL_Bank" name="validateBulkPayoutExcelFileHeaders_For_IDFCBankFile" time="0.307"/>
  <testcase classname="com.TransBnk.TestClass_Payouts.TestClass_UploadBulkPayoutFor_RBL_Bank" name="validateBulkPayoutExcelFileHeaders_For_InduslndBankFile" time="0.120"/>
  <testcase classname="com.TransBnk.TestClass_Payouts.TestClass_UploadBulkPayoutFor_RBL_Bank" name="validateBulkPayoutExcelFileHeaders_For_RBLBankFile" time="0.092"/>
  <testcase classname="com.TransBnk.TestClass_Payouts.TestClass_UploadBulkPayoutFor_RBL_Bank" name="validateBulkPayoutExcelFileHeaders_For_AxisBankFile" time="0.191"/>
  <testcase classname="com.TransBnk.TestClass_Payouts.TestClass_UploadBulkPayoutFor_RBL_Bank" name="validateBulkPayoutExcelFileHeaders_For_YesBankFile_AccountPayout" time="0.152"/>
  <testcase classname="com.TransBnk.TestClass_Payouts.TestClass_UploadBulkPayoutFor_RBL_Bank" name="validateBulkPayoutExcelFileHeaders_For_YesBankFile_VPA_Payout" time="0.076"/>
  <testcase classname="com.TransBnk.TestClass_Payouts.TestClass_UploadBulkPayoutFor_RBL_Bank" name="Verify_ClickOn_Add_Bulk_Payout_Button1" time="2.098"/>
  <testcase classname="com.TransBnk.TestClass_Payouts.TestClass_UploadBulkPayoutFor_RBL_Bank" name="Veirfy_SelectBankName_RBL" time="2.132"/>
  <testcase classname="com.TransBnk.TestClass_Payouts.TestClass_UploadBulkPayoutFor_RBL_Bank" name="insertDataIntoBulkPayoutExcelFile" time="0.425"/>
  <testcase classname="com.TransBnk.TestClass_Payouts.TestClass_UploadBulkPayoutFor_RBL_Bank" name="Verify_Upload_ValidBulkPayoutFile" time="0.637"/>
  <testcase classname="com.TransBnk.TestClass_Payouts.TestClass_UploadBulkPayoutFor_RBL_Bank" name="Verify_EnterDescriptionInField" time="0.793"/>
  <testcase classname="com.TransBnk.TestClass_Payouts.TestClass_UploadBulkPayoutFor_RBL_Bank" name="Verify_ClickOnConfirmButton" time="0.729"/>
  <testcase classname="com.TransBnk.TestClass_Payouts.TestClass_UploadBulkPayoutFor_RBL_Bank" name="Verify_StatusForUploadedPayouts" time="3.596"/>
  <testcase classname="com.TransBnk.TestClass_Payouts.TestClass_UploadBulkPayoutFor_RBL_Bank" name="Verify_ValidRecords" time="4.966"/>
  <testcase classname="com.TransBnk.TestClass_Payouts.TestClass_UploadBulkPayoutFor_RBL_Bank" name="Verify_ClickOn_PayoutsOption_1" time="1.127"/>
  <testcase classname="com.TransBnk.TestClass_Payouts.TestClass_UploadBulkPayoutFor_RBL_Bank" name="Verify_ClickOn_Payout_List" time="1.004"/>
  <testcase classname="com.TransBnk.TestClass_Payouts.TestClass_UploadBulkPayoutFor_RBL_Bank" name="Verify_FieldsOnPayoutListPage" time="2.551"/>
</testsuite> <!-- com.TransBnk.TestClass_Payouts.TestClass_UploadBulkPayoutFor_RBL_Bank -->
