<?xml version="1.0" encoding="UTF-8"?>
<!-- Generated by org.testng.reporters.JUnitReportReporter -->
<testsuite hostname="LT-SAKSHI" failures="0" tests="32" name="com.TransBnk.TestClass_Deals.TestClass_AutoSign_MakerChekerFlow_forDifferentEntity" time="312.782" errors="0" timestamp="2024-07-01T09:46:04 IST" skipped="0">
  <testcase classname="com.TransBnk.TestClass_Deals.TestClass_AutoSign_MakerChekerFlow_forDifferentEntity" name="Verify_Select_Entity" time="7.309"/>
  <testcase classname="com.TransBnk.TestClass_Deals.TestClass_AutoSign_MakerChekerFlow_forDifferentEntity" name="Verify_Select_Product" time="3.334"/>
  <testcase classname="com.TransBnk.TestClass_Deals.TestClass_AutoSign_MakerChekerFlow_forDifferentEntity" name="VerifyClickOnDocuflow" time="2.092"/>
  <testcase classname="com.TransBnk.TestClass_Deals.TestClass_AutoSign_MakerChekerFlow_forDifferentEntity" name="VerifyClickOnDeals" time="0.788"/>
  <testcase classname="com.TransBnk.TestClass_Deals.TestClass_AutoSign_MakerChekerFlow_forDifferentEntity" name="ClickOn_Create_button" time="4.174"/>
  <testcase classname="com.TransBnk.TestClass_Deals.TestClass_AutoSign_MakerChekerFlow_forDifferentEntity" name="Verify_Deal_creation_page" time="19.810"/>
  <testcase classname="com.TransBnk.TestClass_Deals.TestClass_AutoSign_MakerChekerFlow_forDifferentEntity" name="Verify_EnterNumberOfParties" time="28.327"/>
  <testcase classname="com.TransBnk.TestClass_Deals.TestClass_AutoSign_MakerChekerFlow_forDifferentEntity" name="Verify_autoSign_forParty1" time="11.227"/>
  <testcase classname="com.TransBnk.TestClass_Deals.TestClass_AutoSign_MakerChekerFlow_forDifferentEntity" name="Verify_CustomeSignatoriesFor_autoSignatoriesParty" time="8.239"/>
  <testcase classname="com.TransBnk.TestClass_Deals.TestClass_AutoSign_MakerChekerFlow_forDifferentEntity" name="ClickOnDropDown_Party2" time="4.103"/>
  <testcase classname="com.TransBnk.TestClass_Deals.TestClass_AutoSign_MakerChekerFlow_forDifferentEntity" name="AddCustomSignatories_Party2" time="5.613"/>
  <testcase classname="com.TransBnk.TestClass_Deals.TestClass_AutoSign_MakerChekerFlow_forDifferentEntity" name="Verify_EmptyFieldValidation_CustomeSignatories" time="0.511"/>
  <testcase classname="com.TransBnk.TestClass_Deals.TestClass_AutoSign_MakerChekerFlow_forDifferentEntity" name="VerifyInvalidInputs_fieldValidation_CustomeSignatories" time="1.422"/>
  <testcase classname="com.TransBnk.TestClass_Deals.TestClass_AutoSign_MakerChekerFlow_forDifferentEntity" name="ClickOnAddCustomSignatories_Party2" time="5.480"/>
  <testcase classname="com.TransBnk.TestClass_Deals.TestClass_AutoSign_MakerChekerFlow_forDifferentEntity" name="EnterValidDetails_CustomSignatories_Party2" time="7.132"/>
  <testcase classname="com.TransBnk.TestClass_Deals.TestClass_AutoSign_MakerChekerFlow_forDifferentEntity" name="Verify_AddCustomSignatories_party3" time="32.574"/>
  <testcase classname="com.TransBnk.TestClass_Deals.TestClass_AutoSign_MakerChekerFlow_forDifferentEntity" name="Verify_performActionsBasedOnDealRefID" time="6.658"/>
  <testcase classname="com.TransBnk.TestClass_Deals.TestClass_AutoSign_MakerChekerFlow_forDifferentEntity" name="Verify_ClickOnSubmitForVerificationButton" time="4.146"/>
  <testcase classname="com.TransBnk.TestClass_Deals.TestClass_AutoSign_MakerChekerFlow_forDifferentEntity" name="Select_Entity_forDiffMakerCheker" time="7.278"/>
  <testcase classname="com.TransBnk.TestClass_Deals.TestClass_AutoSign_MakerChekerFlow_forDifferentEntity" name="ClickOnDocuflowOption" time="2.093"/>
  <testcase classname="com.TransBnk.TestClass_Deals.TestClass_AutoSign_MakerChekerFlow_forDifferentEntity" name="ClickOn_DealVerificationOption" time="0.817"/>
  <testcase classname="com.TransBnk.TestClass_Deals.TestClass_AutoSign_MakerChekerFlow_forDifferentEntity" name="PerformActionBasedOnDealID_ForDeal_Verification" time="6.338"/>
  <testcase classname="com.TransBnk.TestClass_Deals.TestClass_AutoSign_MakerChekerFlow_forDifferentEntity" name="ClickOnSendForExecutionButton" time="4.473"/>
  <testcase classname="com.TransBnk.TestClass_Deals.TestClass_AutoSign_MakerChekerFlow_forDifferentEntity" name="Verify_ReadMailAnd_ClickOnReviewSignButton_forDealWithTemplate" time="114.447"/>
  <testcase classname="com.TransBnk.TestClass_Deals.TestClass_AutoSign_MakerChekerFlow_forDifferentEntity" name="Verify_ClickOnVerifyButton" time="0.583"/>
  <testcase classname="com.TransBnk.TestClass_Deals.TestClass_AutoSign_MakerChekerFlow_forDifferentEntity" name="Verify_ClickOnCheckBox" time="2.141"/>
  <testcase classname="com.TransBnk.TestClass_Deals.TestClass_AutoSign_MakerChekerFlow_forDifferentEntity" name="Verify_ClickOnProceedToSignButton" time="0.607"/>
  <testcase classname="com.TransBnk.TestClass_Deals.TestClass_AutoSign_MakerChekerFlow_forDifferentEntity" name="Verify_ClickOnCheckBoxOnAdharCard" time="5.084"/>
  <testcase classname="com.TransBnk.TestClass_Deals.TestClass_AutoSign_MakerChekerFlow_forDifferentEntity" name="Verify_EnterAdharNumber" time="0.597"/>
  <testcase classname="com.TransBnk.TestClass_Deals.TestClass_AutoSign_MakerChekerFlow_forDifferentEntity" name="Verify_ClickOnSendOTPbutton" time="10.615"/>
  <testcase classname="com.TransBnk.TestClass_Deals.TestClass_AutoSign_MakerChekerFlow_forDifferentEntity" name="Verify_SwitchToOriginalTab" time="0.018"/>
  <testcase classname="com.TransBnk.TestClass_Deals.TestClass_AutoSign_MakerChekerFlow_forDifferentEntity" name="Verify_ClickOnLogoutButton" time="4.752"/>
</testsuite> <!-- com.TransBnk.TestClass_Deals.TestClass_AutoSign_MakerChekerFlow_forDifferentEntity -->
