<?xml version="1.0" encoding="UTF-8"?>
<!-- Generated by org.testng.reporters.JUnitReportReporter -->
<testsuite hostname="DESKTOP-6PMNGS4" failures="0" tests="1" name="com.TransBnk.TestClass.TestClass_Login" time="2.691" errors="0" timestamp="2024-03-04T10:52:28 IST" skipped="0">
  <testcase classname="com.TransBnk.TestClass.TestClass_Login" name="Verify_Valid_input_SignInPage" time="2.691"/>
</testsuite> <!-- com.TransBnk.TestClass.TestClass_Login -->
