<?xml version="1.0" encoding="UTF-8"?>
<!-- Generated by org.testng.reporters.JUnitReportReporter -->
<testsuite hostname="DESKTOP-6PMNGS4" failures="0" tests="22" name="com.TransBnk.TestClass.TestClass_AutoSign_ForMakerCheker_SameEntity" time="146.251" errors="0" timestamp="2024-02-06T13:31:36 IST" skipped="0">
  <testcase classname="com.TransBnk.TestClass.TestClass_AutoSign_ForMakerCheker_SameEntity" name="Verify_Select_Entity" time="6.876"/>
  <testcase classname="com.TransBnk.TestClass.TestClass_AutoSign_ForMakerCheker_SameEntity" name="Verify_Select_Product" time="3.313"/>
  <testcase classname="com.TransBnk.TestClass.TestClass_AutoSign_ForMakerCheker_SameEntity" name="VerifyClickOnDocuflow" time="2.101"/>
  <testcase classname="com.TransBnk.TestClass.TestClass_AutoSign_ForMakerCheker_SameEntity" name="VerifyClickOnDeals" time="0.659"/>
  <testcase classname="com.TransBnk.TestClass.TestClass_AutoSign_ForMakerCheker_SameEntity" name="ClickOn_Create_button" time="3.135"/>
  <testcase classname="com.TransBnk.TestClass.TestClass_AutoSign_ForMakerCheker_SameEntity" name="Verify_Deal_creation_page" time="16.082"/>
  <testcase classname="com.TransBnk.TestClass.TestClass_AutoSign_ForMakerCheker_SameEntity" name="Verify_EnterNumberOfParties" time="24.033"/>
  <testcase classname="com.TransBnk.TestClass.TestClass_AutoSign_ForMakerCheker_SameEntity" name="Verify_autoSign_forParty1" time="11.237"/>
  <testcase classname="com.TransBnk.TestClass.TestClass_AutoSign_ForMakerCheker_SameEntity" name="Verify_CustomeSignatoriesFor_autoSignatoriesParty" time="8.253"/>
  <testcase classname="com.TransBnk.TestClass.TestClass_AutoSign_ForMakerCheker_SameEntity" name="ClickOnDropDown_Party2" time="4.103"/>
  <testcase classname="com.TransBnk.TestClass.TestClass_AutoSign_ForMakerCheker_SameEntity" name="AddCustomSignatories_Party2" time="5.475"/>
  <testcase classname="com.TransBnk.TestClass.TestClass_AutoSign_ForMakerCheker_SameEntity" name="Verify_EmptyFieldValidation_CustomeSignatories" time="0.513"/>
  <testcase classname="com.TransBnk.TestClass.TestClass_AutoSign_ForMakerCheker_SameEntity" name="VerifyInvalidInputs_fieldValidation_CustomeSignatories" time="1.378"/>
  <testcase classname="com.TransBnk.TestClass.TestClass_AutoSign_ForMakerCheker_SameEntity" name="ClickOnAddCustomSignatories_Party2" time="5.451"/>
  <testcase classname="com.TransBnk.TestClass.TestClass_AutoSign_ForMakerCheker_SameEntity" name="EnterValidDetails_CustomSignatories_Party2" time="7.054"/>
  <testcase classname="com.TransBnk.TestClass.TestClass_AutoSign_ForMakerCheker_SameEntity" name="Verify_AddCustomSignatories_party3" time="28.076"/>
  <testcase classname="com.TransBnk.TestClass.TestClass_AutoSign_ForMakerCheker_SameEntity" name="Verify_performActionsBasedOnDealRefID" time="4.495"/>
  <testcase classname="com.TransBnk.TestClass.TestClass_AutoSign_ForMakerCheker_SameEntity" name="Verify_ClickOnSendForExecutionButton" time="4.128"/>
  <testcase classname="com.TransBnk.TestClass.TestClass_AutoSign_ForMakerCheker_SameEntity" name="ClickOnDocuflowOption" time="2.109"/>
  <testcase classname="com.TransBnk.TestClass.TestClass_AutoSign_ForMakerCheker_SameEntity" name="ClickOn_DealVerificationOption" time="0.831"/>
  <testcase classname="com.TransBnk.TestClass.TestClass_AutoSign_ForMakerCheker_SameEntity" name="PerformActionBasedOnDealID_ForDeal_Verification" time="4.293"/>
  <testcase classname="com.TransBnk.TestClass.TestClass_AutoSign_ForMakerCheker_SameEntity" name="ClickOnSendForExecutionButton" time="2.656"/>
</testsuite> <!-- com.TransBnk.TestClass.TestClass_AutoSign_ForMakerCheker_SameEntity -->
