<?xml version="1.0" encoding="UTF-8"?>
<!-- Generated by org.testng.reporters.JUnitReportReporter -->
<testsuite hostname="DESKTOP-6PMNGS4" failures="0" tests="21" name="com.TransBnk.TestClass.TestClass_Deal_WithoutTemplate" time="160.496" errors="0" timestamp="2024-02-22T13:10:18 IST" skipped="0">
  <testcase classname="com.TransBnk.TestClass.TestClass_Deal_WithoutTemplate" name="Verify_Valid_input_SignInPage" time="2.586"/>
  <testcase classname="com.TransBnk.TestClass.TestClass_Deal_WithoutTemplate" name="Verify_Select_Entity" time="7.336"/>
  <testcase classname="com.TransBnk.TestClass.TestClass_Deal_WithoutTemplate" name="Verify_Select_Product" time="4.342"/>
  <testcase classname="com.TransBnk.TestClass.TestClass_Deal_WithoutTemplate" name="VerifyClickOnDocuflow" time="2.157"/>
  <testcase classname="com.TransBnk.TestClass.TestClass_Deal_WithoutTemplate" name="VerifyClickOnDeals" time="4.915"/>
  <testcase classname="com.TransBnk.TestClass.TestClass_Deal_WithoutTemplate" name="Verify_EmptyFieldValidation_DealCreation" time="4.130"/>
  <testcase classname="com.TransBnk.TestClass.TestClass_Deal_WithoutTemplate" name="Verify_InvalidInputFields_dealCreation" time="23.756"/>
  <testcase classname="com.TransBnk.TestClass.TestClass_Deal_WithoutTemplate" name="Verify_EnterNumberOfParties" time="28.635"/>
  <testcase classname="com.TransBnk.TestClass.TestClass_Deal_WithoutTemplate" name="AddCustomSignatories_party1" time="18.349"/>
  <testcase classname="com.TransBnk.TestClass.TestClass_Deal_WithoutTemplate" name="ClickOnSelectPredefinedSignatoriesOption" time="1.156"/>
  <testcase classname="com.TransBnk.TestClass.TestClass_Deal_WithoutTemplate" name="SelectPredefinedSignatoriesFromDropdown" time="0.237"/>
  <testcase classname="com.TransBnk.TestClass.TestClass_Deal_WithoutTemplate" name="ClickOnConfirmButton" time="0.923"/>
  <testcase classname="com.TransBnk.TestClass.TestClass_Deal_WithoutTemplate" name="ClickOnDropDown_Party2" time="4.136"/>
  <testcase classname="com.TransBnk.TestClass.TestClass_Deal_WithoutTemplate" name="AddCustomSignatories_Party2" time="5.629"/>
  <testcase classname="com.TransBnk.TestClass.TestClass_Deal_WithoutTemplate" name="Verify_EmptyFieldValidation_CustomeSignatories" time="0.537"/>
  <testcase classname="com.TransBnk.TestClass.TestClass_Deal_WithoutTemplate" name="VerifyInvalidInputs_fieldValidation_CustomeSignatories" time="1.502"/>
  <testcase classname="com.TransBnk.TestClass.TestClass_Deal_WithoutTemplate" name="ClickOnAddCustomSignatories_Party2" time="5.559"/>
  <testcase classname="com.TransBnk.TestClass.TestClass_Deal_WithoutTemplate" name="EnterValidDetails_CustomSignatories_Party2" time="7.246"/>
  <testcase classname="com.TransBnk.TestClass.TestClass_Deal_WithoutTemplate" name="Verify_AddCustomSignatories_party3" time="29.772"/>
  <testcase classname="com.TransBnk.TestClass.TestClass_Deal_WithoutTemplate" name="Verify_performActionsBasedOnDealRefID" time="4.628"/>
  <testcase classname="com.TransBnk.TestClass.TestClass_Deal_WithoutTemplate" name="Verify_ClickOnSendForExecutionButton" time="2.965"/>
</testsuite> <!-- com.TransBnk.TestClass.TestClass_Deal_WithoutTemplate -->
