<?xml version="1.0" encoding="UTF-8"?>
<!-- Generated by org.testng.reporters.JUnitReportReporter -->
<testsuite hostname="LT-SAKSHI" failures="1" tests="30" name="com.TransBnk.TestClass_Payouts.TestClass_BoardResolutionPayoutMakerCheckerSameEntity_For_RBL_Bank" time="142.925" errors="0" timestamp="2024-08-01T19:23:27 IST" skipped="0">
  <testcase classname="com.TransBnk.TestClass_Payouts.TestClass_BoardResolutionPayoutMakerCheckerSameEntity_For_RBL_Bank" name="Verify_LoginToPayoutMakerUserBoardResolutionSameEntity" time="2.047"/>
  <testcase classname="com.TransBnk.TestClass_Payouts.TestClass_BoardResolutionPayoutMakerCheckerSameEntity_For_RBL_Bank" name="Verify_Select_Entity" time="7.144"/>
  <testcase classname="com.TransBnk.TestClass_Payouts.TestClass_BoardResolutionPayoutMakerCheckerSameEntity_For_RBL_Bank" name="Verify_Select_Product" time="51.879"/>
  <testcase classname="com.TransBnk.TestClass_Payouts.TestClass_BoardResolutionPayoutMakerCheckerSameEntity_For_RBL_Bank" name="Verify_ClickOn_PayoutService" time="1.303"/>
  <testcase classname="com.TransBnk.TestClass_Payouts.TestClass_BoardResolutionPayoutMakerCheckerSameEntity_For_RBL_Bank" name="Verify_ClickOn_Bulk_PayoutOption" time="2.187"/>
  <testcase classname="com.TransBnk.TestClass_Payouts.TestClass_BoardResolutionPayoutMakerCheckerSameEntity_For_RBL_Bank" name="Verify_ClickOn_Add_Bulk_Payout_Button" time="2.438"/>
  <testcase classname="com.TransBnk.TestClass_Payouts.TestClass_BoardResolutionPayoutMakerCheckerSameEntity_For_RBL_Bank" name="Veirfy_SelectBankName" time="2.050"/>
  <testcase classname="com.TransBnk.TestClass_Payouts.TestClass_BoardResolutionPayoutMakerCheckerSameEntity_For_RBL_Bank" name="Verify_BulkPayoutExcelFile_Headers_DBSBank" time="0.091"/>
  <testcase classname="com.TransBnk.TestClass_Payouts.TestClass_BoardResolutionPayoutMakerCheckerSameEntity_For_RBL_Bank" name="validateBulkPayoutExcelFileHeaders_For_IDFCBankFile" time="0.716"/>
  <testcase classname="com.TransBnk.TestClass_Payouts.TestClass_BoardResolutionPayoutMakerCheckerSameEntity_For_RBL_Bank" name="validateBulkPayoutExcelFileHeaders_For_InduslndBankFile" time="0.129"/>
  <testcase classname="com.TransBnk.TestClass_Payouts.TestClass_BoardResolutionPayoutMakerCheckerSameEntity_For_RBL_Bank" name="validateBulkPayoutExcelFileHeaders_For_RBLBankFile" time="0.332"/>
  <testcase classname="com.TransBnk.TestClass_Payouts.TestClass_BoardResolutionPayoutMakerCheckerSameEntity_For_RBL_Bank" name="validateBulkPayoutExcelFileHeaders_For_AxisBankFile" time="0.120"/>
  <testcase classname="com.TransBnk.TestClass_Payouts.TestClass_BoardResolutionPayoutMakerCheckerSameEntity_For_RBL_Bank" name="validateBulkPayoutExcelFileHeaders_For_YesBankFile_AccountPayout" time="0.081"/>
  <testcase classname="com.TransBnk.TestClass_Payouts.TestClass_BoardResolutionPayoutMakerCheckerSameEntity_For_RBL_Bank" name="validateBulkPayoutExcelFileHeaders_For_YesBankFile_VPA_Payout" time="0.062"/>
  <testcase classname="com.TransBnk.TestClass_Payouts.TestClass_BoardResolutionPayoutMakerCheckerSameEntity_For_RBL_Bank" name="Veirfy_SelectBankName_RBL" time="2.198"/>
  <testcase classname="com.TransBnk.TestClass_Payouts.TestClass_BoardResolutionPayoutMakerCheckerSameEntity_For_RBL_Bank" name="insertDataIntoBulkPayoutExcelFileBoardResolutionSameEntity" time="0.425"/>
  <testcase classname="com.TransBnk.TestClass_Payouts.TestClass_BoardResolutionPayoutMakerCheckerSameEntity_For_RBL_Bank" name="Verify_Upload_ValidBulkPayoutFileBoardResolutionSameEntity" time="0.690"/>
  <testcase classname="com.TransBnk.TestClass_Payouts.TestClass_BoardResolutionPayoutMakerCheckerSameEntity_For_RBL_Bank" name="Verify_EnterDescriptionInField" time="0.816"/>
  <testcase classname="com.TransBnk.TestClass_Payouts.TestClass_BoardResolutionPayoutMakerCheckerSameEntity_For_RBL_Bank" name="Verify_ClickOnConfirmButton" time="0.738"/>
  <testcase classname="com.TransBnk.TestClass_Payouts.TestClass_BoardResolutionPayoutMakerCheckerSameEntity_For_RBL_Bank" name="Verify_StatusForUploadedPayoutsBoardResolutionSameEntity" time="3.793"/>
  <testcase classname="com.TransBnk.TestClass_Payouts.TestClass_BoardResolutionPayoutMakerCheckerSameEntity_For_RBL_Bank" name="Verify_ValidRecords" time="3.959"/>
  <testcase classname="com.TransBnk.TestClass_Payouts.TestClass_BoardResolutionPayoutMakerCheckerSameEntity_For_RBL_Bank" name="Verify_ClickOn_PayoutsOption_1" time="1.107"/>
  <testcase classname="com.TransBnk.TestClass_Payouts.TestClass_BoardResolutionPayoutMakerCheckerSameEntity_For_RBL_Bank" name="Verify_ClickOn_Payout_List" time="0.975"/>
  <testcase classname="com.TransBnk.TestClass_Payouts.TestClass_BoardResolutionPayoutMakerCheckerSameEntity_For_RBL_Bank" name="Verify_FieldsOnPayoutListPage" time="22.328"/>
  <testcase classname="com.TransBnk.TestClass_Payouts.TestClass_BoardResolutionPayoutMakerCheckerSameEntity_For_RBL_Bank" name="Verify_ClickOn_PayoutsOption_forApprovePayout" time="1.167"/>
  <testcase classname="com.TransBnk.TestClass_Payouts.TestClass_BoardResolutionPayoutMakerCheckerSameEntity_For_RBL_Bank" name="Verify_ClickOn_PayoutApprovalList_forApprovePayoutBoardResolution" time="0.640"/>
  <testcase classname="com.TransBnk.TestClass_Payouts.TestClass_BoardResolutionPayoutMakerCheckerSameEntity_For_RBL_Bank" name="verify_payoutIsVisibleInPayoutApprovalList_SameEntity_And_ApprovePayoutFromSameCheckerUserBoardResolution" time="4.585"/>
  <testcase classname="com.TransBnk.TestClass_Payouts.TestClass_BoardResolutionPayoutMakerCheckerSameEntity_For_RBL_Bank" name="verify_clickOnAllActions_CheckerUser03" time="2.100"/>
  <testcase classname="com.TransBnk.TestClass_Payouts.TestClass_BoardResolutionPayoutMakerCheckerSameEntity_For_RBL_Bank" name="verify_ApprovalStatusInAllActionsFor_CheckerUser01" time="22.081">
    <failure message="Status is not displayed as expected for User: sakshi.bodhare+sandbox@techstalwarts.com" type="java.lang.AssertionError">
      <![CDATA[java.lang.AssertionError: Status is not displayed as expected for User: sakshi.bodhare+sandbox@techstalwarts.com
at org.testng.Assert.fail(Assert.java:111)
at com.TransBnk.Payouts.PayoutMakerCheckerSameEntity_RBLBank.verify_ApprovalStatusInAllActionsFor_CheckerUser01(PayoutMakerCheckerSameEntity_RBLBank.java:1278)
at com.TransBnk.TestClass_Payouts.TestClass_BoardResolutionPayoutMakerCheckerSameEntity_For_RBL_Bank.verify_ApprovalStatusInAllActionsFor_CheckerUser01(TestClass_BoardResolutionPayoutMakerCheckerSameEntity_For_RBL_Bank.java:224)
at java.base/jdk.internal.reflect.DirectMethodHandleAccessor.invoke(DirectMethodHandleAccessor.java:103)
at java.base/java.lang.reflect.Method.invoke(Method.java:580)
at org.testng.internal.invokers.MethodInvocationHelper.invokeMethod(MethodInvocationHelper.java:139)
at org.testng.internal.invokers.TestInvoker.invokeMethod(TestInvoker.java:664)
at org.testng.internal.invokers.TestInvoker.invokeTestMethod(TestInvoker.java:227)
at org.testng.internal.invokers.MethodRunner.runInSequence(MethodRunner.java:50)
at org.testng.internal.invokers.TestInvoker$MethodInvocationAgent.invoke(TestInvoker.java:957)
at org.testng.internal.invokers.TestInvoker.invokeTestMethods(TestInvoker.java:200)
at org.testng.internal.invokers.TestMethodWorker.invokeTestMethods(TestMethodWorker.java:148)
at org.testng.internal.invokers.TestMethodWorker.run(TestMethodWorker.java:128)
at java.base/java.util.ArrayList.forEach(ArrayList.java:1596)
at org.testng.TestRunner.privateRun(TestRunner.java:848)
at org.testng.TestRunner.run(TestRunner.java:621)
at org.testng.SuiteRunner.runTest(SuiteRunner.java:443)
at org.testng.SuiteRunner.runSequentially(SuiteRunner.java:437)
at org.testng.SuiteRunner.privateRun(SuiteRunner.java:397)
at org.testng.SuiteRunner.run(SuiteRunner.java:336)
at org.testng.SuiteRunnerWorker.runSuite(SuiteRunnerWorker.java:52)
at org.testng.SuiteRunnerWorker.run(SuiteRunnerWorker.java:95)
at org.testng.TestNG.runSuitesSequentially(TestNG.java:1280)
at org.testng.TestNG.runSuitesLocally(TestNG.java:1200)
at org.testng.TestNG.runSuites(TestNG.java:1114)
at org.testng.TestNG.run(TestNG.java:1082)
at org.testng.remote.AbstractRemoteTestNG.run(AbstractRemoteTestNG.java:115)
at org.testng.remote.RemoteTestNG.initAndRun(RemoteTestNG.java:251)
at org.testng.remote.RemoteTestNG.main(RemoteTestNG.java:77)
]]>
    </failure>
  </testcase> <!-- verify_ApprovalStatusInAllActionsFor_CheckerUser01 -->
  <testcase classname="com.TransBnk.TestClass_Payouts.TestClass_BoardResolutionPayoutMakerCheckerSameEntity_For_RBL_Bank" name="verify_Logout" time="4.744"/>
</testsuite> <!-- com.TransBnk.TestClass_Payouts.TestClass_BoardResolutionPayoutMakerCheckerSameEntity_For_RBL_Bank -->
