<?xml version="1.0" encoding="UTF-8"?>
<!-- Generated by org.testng.reporters.JUnitReportReporter -->
<testsuite hostname="DESKTOP-6PMNGS4" failures="0" tests="32" name="com.TransBnk.TestClass.TestClass_AutoSign_MakerChecker_DealCorrection_ForSameEntity" time="200.831" errors="0" timestamp="2024-02-06T17:24:34 IST" skipped="0">
  <testcase classname="com.TransBnk.TestClass.TestClass_AutoSign_MakerChecker_DealCorrection_ForSameEntity" name="Verify_Select_Entity" time="6.789"/>
  <testcase classname="com.TransBnk.TestClass.TestClass_AutoSign_MakerChecker_DealCorrection_ForSameEntity" name="Verify_Select_Product" time="3.348"/>
  <testcase classname="com.TransBnk.TestClass.TestClass_AutoSign_MakerChecker_DealCorrection_ForSameEntity" name="VerifyClickOnDocuflow" time="2.124"/>
  <testcase classname="com.TransBnk.TestClass.TestClass_AutoSign_MakerChecker_DealCorrection_ForSameEntity" name="VerifyClickOnDeals" time="0.675"/>
  <testcase classname="com.TransBnk.TestClass.TestClass_AutoSign_MakerChecker_DealCorrection_ForSameEntity" name="ClickOn_Create_button" time="3.174"/>
  <testcase classname="com.TransBnk.TestClass.TestClass_AutoSign_MakerChecker_DealCorrection_ForSameEntity" name="Verify_Deal_creation_page" time="16.607"/>
  <testcase classname="com.TransBnk.TestClass.TestClass_AutoSign_MakerChecker_DealCorrection_ForSameEntity" name="Verify_EnterNumberOfParties" time="24.619"/>
  <testcase classname="com.TransBnk.TestClass.TestClass_AutoSign_MakerChecker_DealCorrection_ForSameEntity" name="Verify_autoSign_forParty1" time="11.275"/>
  <testcase classname="com.TransBnk.TestClass.TestClass_AutoSign_MakerChecker_DealCorrection_ForSameEntity" name="Verify_CustomeSignatoriesFor_autoSignatoriesParty" time="8.487"/>
  <testcase classname="com.TransBnk.TestClass.TestClass_AutoSign_MakerChecker_DealCorrection_ForSameEntity" name="ClickOnDropDown_Party2" time="4.126"/>
  <testcase classname="com.TransBnk.TestClass.TestClass_AutoSign_MakerChecker_DealCorrection_ForSameEntity" name="AddCustomSignatories_Party2" time="5.574"/>
  <testcase classname="com.TransBnk.TestClass.TestClass_AutoSign_MakerChecker_DealCorrection_ForSameEntity" name="Verify_EmptyFieldValidation_CustomeSignatories" time="0.596"/>
  <testcase classname="com.TransBnk.TestClass.TestClass_AutoSign_MakerChecker_DealCorrection_ForSameEntity" name="VerifyInvalidInputs_fieldValidation_CustomeSignatories" time="1.510"/>
  <testcase classname="com.TransBnk.TestClass.TestClass_AutoSign_MakerChecker_DealCorrection_ForSameEntity" name="ClickOnAddCustomSignatories_Party2" time="5.542"/>
  <testcase classname="com.TransBnk.TestClass.TestClass_AutoSign_MakerChecker_DealCorrection_ForSameEntity" name="EnterValidDetails_CustomSignatories_Party2" time="7.125"/>
  <testcase classname="com.TransBnk.TestClass.TestClass_AutoSign_MakerChecker_DealCorrection_ForSameEntity" name="Verify_AddCustomSignatories_party3" time="28.294"/>
  <testcase classname="com.TransBnk.TestClass.TestClass_AutoSign_MakerChecker_DealCorrection_ForSameEntity" name="Verify_performActionsBasedOnDealRefID" time="4.557"/>
  <testcase classname="com.TransBnk.TestClass.TestClass_AutoSign_MakerChecker_DealCorrection_ForSameEntity" name="Verify_ClickOnSubmitForVerificationButton" time="4.168"/>
  <testcase classname="com.TransBnk.TestClass.TestClass_AutoSign_MakerChecker_DealCorrection_ForSameEntity" name="ClickOnDocuflowOption" time="2.132"/>
  <testcase classname="com.TransBnk.TestClass.TestClass_AutoSign_MakerChecker_DealCorrection_ForSameEntity" name="ClickOn_DealVerificationOption" time="0.873"/>
  <testcase classname="com.TransBnk.TestClass.TestClass_AutoSign_MakerChecker_DealCorrection_ForSameEntity" name="PerformActionBasedOnDealID_ForDeal_Verification" time="4.393"/>
  <testcase classname="com.TransBnk.TestClass.TestClass_AutoSign_MakerChecker_DealCorrection_ForSameEntity" name="Verify_DealReturnForCorrectionFlow" time="1.919"/>
  <testcase classname="com.TransBnk.TestClass.TestClass_AutoSign_MakerChecker_DealCorrection_ForSameEntity" name="ClickOn_DocuflowOption" time="2.119"/>
  <testcase classname="com.TransBnk.TestClass.TestClass_AutoSign_MakerChecker_DealCorrection_ForSameEntity" name="ClickOnDeals" time="0.649"/>
  <testcase classname="com.TransBnk.TestClass.TestClass_AutoSign_MakerChecker_DealCorrection_ForSameEntity" name="performActionsBasedOnDealRefID" time="24.432"/>
  <testcase classname="com.TransBnk.TestClass.TestClass_AutoSign_MakerChecker_DealCorrection_ForSameEntity" name="EditPartyDetails_andClickOnproceedButton" time="7.030"/>
  <testcase classname="com.TransBnk.TestClass.TestClass_AutoSign_MakerChecker_DealCorrection_ForSameEntity" name="performActionsBasedOnDealRefID_afterDealCorrection" time="4.441"/>
  <testcase classname="com.TransBnk.TestClass.TestClass_AutoSign_MakerChecker_DealCorrection_ForSameEntity" name="ClickOnSendForVerificationButton" time="4.219"/>
  <testcase classname="com.TransBnk.TestClass.TestClass_AutoSign_MakerChecker_DealCorrection_ForSameEntity" name="ClickOnDocuflowOption_" time="2.117"/>
  <testcase classname="com.TransBnk.TestClass.TestClass_AutoSign_MakerChecker_DealCorrection_ForSameEntity" name="ClickOn_DealVerificationOption_" time="0.857"/>
  <testcase classname="com.TransBnk.TestClass.TestClass_AutoSign_MakerChecker_DealCorrection_ForSameEntity" name="PerformActionBasedOnDealID_ForDeal_VerificationAfterDealCorrection" time="4.382"/>
  <testcase classname="com.TransBnk.TestClass.TestClass_AutoSign_MakerChecker_DealCorrection_ForSameEntity" name="ClickOnSendForExecutionButton" time="2.678"/>
</testsuite> <!-- com.TransBnk.TestClass.TestClass_AutoSign_MakerChecker_DealCorrection_ForSameEntity -->
