<?xml version="1.0" encoding="UTF-8"?>
<!-- Generated by org.testng.reporters.JUnitReportReporter -->
<testsuite hostname="DESKTOP-6PMNGS4" failures="0" tests="21" name="com.TransBnk.TestClass.TestClass_Deal_with_Template" time="291.004" errors="0" timestamp="2024-01-23T17:28:33 IST" skipped="0">
  <testcase classname="com.TransBnk.TestClass.TestClass_Deal_with_Template" name="Verify_Valid_input_SignInPage" time="2.081"/>
  <testcase classname="com.TransBnk.TestClass.TestClass_Deal_with_Template" name="Verify_Select_Entity" time="4.775"/>
  <testcase classname="com.TransBnk.TestClass.TestClass_Deal_with_Template" name="Verify_Select_Product" time="3.284"/>
  <testcase classname="com.TransBnk.TestClass.TestClass_Deal_with_Template" name="Verify_ClickOnDocuflow" time="2.151"/>
  <testcase classname="com.TransBnk.TestClass.TestClass_Deal_with_Template" name="Verify_ClickOnDeals" time="3.909"/>
  <testcase classname="com.TransBnk.TestClass.TestClass_Deal_with_Template" name="Verify_Deal_creation_page" time="13.153"/>
  <testcase classname="com.TransBnk.TestClass.TestClass_Deal_with_Template" name="Verify_searchCreatedTemplate_AndClickOnCreateButton" time="9.185"/>
  <testcase classname="com.TransBnk.TestClass.TestClass_Deal_with_Template" name="Verify_EnterNumberOf_Parties" time="50.581"/>
  <testcase classname="com.TransBnk.TestClass.TestClass_Deal_with_Template" name="AddCustomSignatories_party1" time="17.698"/>
  <testcase classname="com.TransBnk.TestClass.TestClass_Deal_with_Template" name="Verify_AddCustomSignatories_party2" time="12.776"/>
  <testcase classname="com.TransBnk.TestClass.TestClass_Deal_with_Template" name="Verify_AddCustomSignatories_party3" time="30.831"/>
  <testcase classname="com.TransBnk.TestClass.TestClass_Deal_with_Template" name="Verify_performActionsBasedOnDealRefID" time="4.637"/>
  <testcase classname="com.TransBnk.TestClass.TestClass_Deal_with_Template" name="Verify_ClickOnSendForExecutionButton" time="11.215"/>
  <testcase classname="com.TransBnk.TestClass.TestClass_Deal_with_Template" name="Verify_ReadMailAnd_ClickOnReviewSignButton_forDealWithTemplate" time="111.768"/>
  <testcase classname="com.TransBnk.TestClass.TestClass_Deal_with_Template" name="Verify_ClickOnVerifyButton" time="0.632"/>
  <testcase classname="com.TransBnk.TestClass.TestClass_Deal_with_Template" name="Verify_ClickOnCheckBox" time="2.160"/>
  <testcase classname="com.TransBnk.TestClass.TestClass_Deal_with_Template" name="Verify_ClickOnProceedToSignButton" time="0.689"/>
  <testcase classname="com.TransBnk.TestClass.TestClass_Deal_with_Template" name="Verify_ClickOnCheckBoxOnAdharCard" time="5.082"/>
  <testcase classname="com.TransBnk.TestClass.TestClass_Deal_with_Template" name="Verify_EnterAdharNumber" time="0.682"/>
  <testcase classname="com.TransBnk.TestClass.TestClass_Deal_with_Template" name="Verify_ClickOnSendOTPbutton" time="3.639"/>
  <testcase classname="com.TransBnk.TestClass.TestClass_Deal_with_Template" name="Verify_SwitchToOriginalTab" time="0.076"/>
</testsuite> <!-- com.TransBnk.TestClass.TestClass_Deal_with_Template -->
