<?xml version="1.0" encoding="UTF-8"?>
<!-- Generated by org.testng.reporters.JUnitReportReporter -->
<testsuite hostname="LT-SAKSHI" failures="0" tests="30" name="com.TransBnk.TestClass_Payouts.TestClass_PayoutMakerCheckerSameEntityFor_RBL_Bank" time="91.033" errors="0" timestamp="2024-08-01T18:19:23 IST" skipped="0">
  <testcase classname="com.TransBnk.TestClass_Payouts.TestClass_PayoutMakerCheckerSameEntityFor_RBL_Bank" name="Verify_LoginToPayoutMakerUser" time="1.857"/>
  <testcase classname="com.TransBnk.TestClass_Payouts.TestClass_PayoutMakerCheckerSameEntityFor_RBL_Bank" name="Verify_Select_Entity" time="7.197"/>
  <testcase classname="com.TransBnk.TestClass_Payouts.TestClass_PayoutMakerCheckerSameEntityFor_RBL_Bank" name="Verify_Select_Product" time="39.466"/>
  <testcase classname="com.TransBnk.TestClass_Payouts.TestClass_PayoutMakerCheckerSameEntityFor_RBL_Bank" name="Verify_ClickOn_PayoutService" time="1.428"/>
  <testcase classname="com.TransBnk.TestClass_Payouts.TestClass_PayoutMakerCheckerSameEntityFor_RBL_Bank" name="Verify_ClickOn_Bulk_PayoutOption" time="2.132"/>
  <testcase classname="com.TransBnk.TestClass_Payouts.TestClass_PayoutMakerCheckerSameEntityFor_RBL_Bank" name="Verify_ClickOn_Add_Bulk_Payout_Button" time="2.377"/>
  <testcase classname="com.TransBnk.TestClass_Payouts.TestClass_PayoutMakerCheckerSameEntityFor_RBL_Bank" name="Veirfy_SelectBankName" time="1.982"/>
  <testcase classname="com.TransBnk.TestClass_Payouts.TestClass_PayoutMakerCheckerSameEntityFor_RBL_Bank" name="Verify_BulkPayoutExcelFile_Headers_DBSBank" time="0.096"/>
  <testcase classname="com.TransBnk.TestClass_Payouts.TestClass_PayoutMakerCheckerSameEntityFor_RBL_Bank" name="validateBulkPayoutExcelFileHeaders_For_IDFCBankFile" time="0.134"/>
  <testcase classname="com.TransBnk.TestClass_Payouts.TestClass_PayoutMakerCheckerSameEntityFor_RBL_Bank" name="validateBulkPayoutExcelFileHeaders_For_InduslndBankFile" time="0.052"/>
  <testcase classname="com.TransBnk.TestClass_Payouts.TestClass_PayoutMakerCheckerSameEntityFor_RBL_Bank" name="validateBulkPayoutExcelFileHeaders_For_RBLBankFile" time="0.059"/>
  <testcase classname="com.TransBnk.TestClass_Payouts.TestClass_PayoutMakerCheckerSameEntityFor_RBL_Bank" name="validateBulkPayoutExcelFileHeaders_For_AxisBankFile" time="0.042"/>
  <testcase classname="com.TransBnk.TestClass_Payouts.TestClass_PayoutMakerCheckerSameEntityFor_RBL_Bank" name="validateBulkPayoutExcelFileHeaders_For_YesBankFile_AccountPayout" time="0.061"/>
  <testcase classname="com.TransBnk.TestClass_Payouts.TestClass_PayoutMakerCheckerSameEntityFor_RBL_Bank" name="validateBulkPayoutExcelFileHeaders_For_YesBankFile_VPA_Payout" time="0.042"/>
  <testcase classname="com.TransBnk.TestClass_Payouts.TestClass_PayoutMakerCheckerSameEntityFor_RBL_Bank" name="Veirfy_SelectBankName_RBL" time="1.961"/>
  <testcase classname="com.TransBnk.TestClass_Payouts.TestClass_PayoutMakerCheckerSameEntityFor_RBL_Bank" name="insertDataIntoBulkPayoutExcelFile" time="0.261"/>
  <testcase classname="com.TransBnk.TestClass_Payouts.TestClass_PayoutMakerCheckerSameEntityFor_RBL_Bank" name="Verify_Upload_ValidBulkPayoutFile" time="0.585"/>
  <testcase classname="com.TransBnk.TestClass_Payouts.TestClass_PayoutMakerCheckerSameEntityFor_RBL_Bank" name="Verify_EnterDescriptionInField" time="0.744"/>
  <testcase classname="com.TransBnk.TestClass_Payouts.TestClass_PayoutMakerCheckerSameEntityFor_RBL_Bank" name="Verify_ClickOnConfirmButton" time="0.689"/>
  <testcase classname="com.TransBnk.TestClass_Payouts.TestClass_PayoutMakerCheckerSameEntityFor_RBL_Bank" name="Verify_StatusForUploadedPayouts" time="3.557"/>
  <testcase classname="com.TransBnk.TestClass_Payouts.TestClass_PayoutMakerCheckerSameEntityFor_RBL_Bank" name="Verify_ValidRecords" time="6.975"/>
  <testcase classname="com.TransBnk.TestClass_Payouts.TestClass_PayoutMakerCheckerSameEntityFor_RBL_Bank" name="Verify_ClickOn_PayoutsOption_1" time="1.082"/>
  <testcase classname="com.TransBnk.TestClass_Payouts.TestClass_PayoutMakerCheckerSameEntityFor_RBL_Bank" name="Verify_ClickOn_Payout_List" time="0.924"/>
  <testcase classname="com.TransBnk.TestClass_Payouts.TestClass_PayoutMakerCheckerSameEntityFor_RBL_Bank" name="Verify_FieldsOnPayoutListPage" time="2.383"/>
  <testcase classname="com.TransBnk.TestClass_Payouts.TestClass_PayoutMakerCheckerSameEntityFor_RBL_Bank" name="Verify_ClickOn_PayoutsOption_forApprovePayout" time="1.080"/>
  <testcase classname="com.TransBnk.TestClass_Payouts.TestClass_PayoutMakerCheckerSameEntityFor_RBL_Bank" name="Verify_ClickOn_PayoutApprovalList_forApprovePayout" time="0.616"/>
  <testcase classname="com.TransBnk.TestClass_Payouts.TestClass_PayoutMakerCheckerSameEntityFor_RBL_Bank" name="verify_payoutIsVisibleInPayoutApprovalList_SameEntity_And_ApprovePayoutFromSameCheckerUser" time="4.397"/>
  <testcase classname="com.TransBnk.TestClass_Payouts.TestClass_PayoutMakerCheckerSameEntityFor_RBL_Bank" name="verify_clickOnAllActions_CheckerUser03" time="2.084"/>
  <testcase classname="com.TransBnk.TestClass_Payouts.TestClass_PayoutMakerCheckerSameEntityFor_RBL_Bank" name="verify_ApprovalStatusInAllActionsFor_CheckerUser01" time="2.067"/>
  <testcase classname="com.TransBnk.TestClass_Payouts.TestClass_PayoutMakerCheckerSameEntityFor_RBL_Bank" name="verify_Logout" time="4.703"/>
</testsuite> <!-- com.TransBnk.TestClass_Payouts.TestClass_PayoutMakerCheckerSameEntityFor_RBL_Bank -->
