<?xml version="1.0" encoding="UTF-8"?>
<!-- Generated by org.testng.reporters.JUnitReportReporter -->
<testsuite hostname="LT-SAKSHI" failures="0" tests="10" name="com.TransBnk.TestClass_RiskRadar.TestClass_RiskRadar_FilterOption_BankBalance" time="124.174" errors="0" timestamp="2024-07-25T16:13:34 IST" skipped="0">
  <testcase classname="com.TransBnk.TestClass_RiskRadar.TestClass_RiskRadar_FilterOption_BankBalance" name="Verify_Select_Entity" time="5.186"/>
  <testcase classname="com.TransBnk.TestClass_RiskRadar.TestClass_RiskRadar_FilterOption_BankBalance" name="Verify_Select_Product" time="6.274"/>
  <testcase classname="com.TransBnk.TestClass_RiskRadar.TestClass_RiskRadar_FilterOption_BankBalance" name="Verify_ClickOnRiskRadarOption" time="1.597"/>
  <testcase classname="com.TransBnk.TestClass_RiskRadar.TestClass_RiskRadar_FilterOption_BankBalance" name="Verify_ClickOnBankBalance" time="0.376"/>
  <testcase classname="com.TransBnk.TestClass_RiskRadar.TestClass_RiskRadar_FilterOption_BankBalance" name="Verify_checkBankFilterOnBankBalancePage" time="41.649"/>
  <testcase classname="com.TransBnk.TestClass_RiskRadar.TestClass_RiskRadar_FilterOption_BankBalance" name="Verify_checAccountNumberkFilterOnBankBalancePage" time="12.119"/>
  <testcase classname="com.TransBnk.TestClass_RiskRadar.TestClass_RiskRadar_FilterOption_BankBalance" name="Verify_checkCustomerNameFilterOnBankBalancePage" time="10.140"/>
  <testcase classname="com.TransBnk.TestClass_RiskRadar.TestClass_RiskRadar_FilterOption_BankBalance" name="Verify_ClickOnRiskRadarOption1" time="1.570"/>
  <testcase classname="com.TransBnk.TestClass_RiskRadar.TestClass_RiskRadar_FilterOption_BankBalance" name="Verify_ClickOnTransactionOption" time="0.820"/>
  <testcase classname="com.TransBnk.TestClass_RiskRadar.TestClass_RiskRadar_FilterOption_BankBalance" name="Verify_checkCustomerNameFilterOnTransactionPage" time="44.443"/>
</testsuite> <!-- com.TransBnk.TestClass_RiskRadar.TestClass_RiskRadar_FilterOption_BankBalance -->
