<?xml version="1.0" encoding="UTF-8"?>
<!-- Generated by org.testng.reporters.JUnitReportReporter -->
<testsuite hostname="LT-SAKSHI" failures="0" tests="30" name="com.TransBnk.TestClass_Deals.TestClass_AutoSign_ForMakerCheker_SameEntity" time="288.496" errors="0" timestamp="2024-06-19T10:31:52 IST" skipped="0">
  <testcase classname="com.TransBnk.TestClass_Deals.TestClass_AutoSign_ForMakerCheker_SameEntity" name="Verify_Select_Entity" time="7.249"/>
  <testcase classname="com.TransBnk.TestClass_Deals.TestClass_AutoSign_ForMakerCheker_SameEntity" name="Verify_Select_Product" time="3.794"/>
  <testcase classname="com.TransBnk.TestClass_Deals.TestClass_AutoSign_ForMakerCheker_SameEntity" name="VerifyClickOnDocuflow" time="2.128"/>
  <testcase classname="com.TransBnk.TestClass_Deals.TestClass_AutoSign_ForMakerCheker_SameEntity" name="VerifyClickOnDeals" time="0.634"/>
  <testcase classname="com.TransBnk.TestClass_Deals.TestClass_AutoSign_ForMakerCheker_SameEntity" name="ClickOn_Create_button" time="4.118"/>
  <testcase classname="com.TransBnk.TestClass_Deals.TestClass_AutoSign_ForMakerCheker_SameEntity" name="Verify_Deal_creation_page" time="17.678"/>
  <testcase classname="com.TransBnk.TestClass_Deals.TestClass_AutoSign_ForMakerCheker_SameEntity" name="Verify_EnterNumberOfParties" time="28.429"/>
  <testcase classname="com.TransBnk.TestClass_Deals.TestClass_AutoSign_ForMakerCheker_SameEntity" name="Verify_autoSign_forParty1" time="11.175"/>
  <testcase classname="com.TransBnk.TestClass_Deals.TestClass_AutoSign_ForMakerCheker_SameEntity" name="Verify_CustomeSignatoriesFor_autoSignatoriesParty" time="8.286"/>
  <testcase classname="com.TransBnk.TestClass_Deals.TestClass_AutoSign_ForMakerCheker_SameEntity" name="ClickOnDropDown_Party2" time="4.085"/>
  <testcase classname="com.TransBnk.TestClass_Deals.TestClass_AutoSign_ForMakerCheker_SameEntity" name="AddCustomSignatories_Party2" time="5.512"/>
  <testcase classname="com.TransBnk.TestClass_Deals.TestClass_AutoSign_ForMakerCheker_SameEntity" name="Verify_EmptyFieldValidation_CustomeSignatories" time="0.543"/>
  <testcase classname="com.TransBnk.TestClass_Deals.TestClass_AutoSign_ForMakerCheker_SameEntity" name="VerifyInvalidInputs_fieldValidation_CustomeSignatories" time="1.405"/>
  <testcase classname="com.TransBnk.TestClass_Deals.TestClass_AutoSign_ForMakerCheker_SameEntity" name="ClickOnAddCustomSignatories_Party2" time="5.462"/>
  <testcase classname="com.TransBnk.TestClass_Deals.TestClass_AutoSign_ForMakerCheker_SameEntity" name="EnterValidDetails_CustomSignatories_Party2" time="7.193"/>
  <testcase classname="com.TransBnk.TestClass_Deals.TestClass_AutoSign_ForMakerCheker_SameEntity" name="Verify_AddCustomSignatories_party3" time="32.590"/>
  <testcase classname="com.TransBnk.TestClass_Deals.TestClass_AutoSign_ForMakerCheker_SameEntity" name="Verify_performActionsBasedOnDealRefID" time="6.493"/>
  <testcase classname="com.TransBnk.TestClass_Deals.TestClass_AutoSign_ForMakerCheker_SameEntity" name="Verify_ClickOnSubmitForVerificationButton" time="4.155"/>
  <testcase classname="com.TransBnk.TestClass_Deals.TestClass_AutoSign_ForMakerCheker_SameEntity" name="ClickOnDocuflowOption" time="2.119"/>
  <testcase classname="com.TransBnk.TestClass_Deals.TestClass_AutoSign_ForMakerCheker_SameEntity" name="ClickOn_DealVerificationOption" time="0.840"/>
  <testcase classname="com.TransBnk.TestClass_Deals.TestClass_AutoSign_ForMakerCheker_SameEntity" name="PerformActionBasedOnDealID_ForDeal_Verification" time="6.409"/>
  <testcase classname="com.TransBnk.TestClass_Deals.TestClass_AutoSign_ForMakerCheker_SameEntity" name="ClickOnSendForExecutionButton" time="3.143"/>
  <testcase classname="com.TransBnk.TestClass_Deals.TestClass_AutoSign_ForMakerCheker_SameEntity" name="Verify_ReadMailAnd_ClickOnReviewSignButton_forDealWithTemplate" time="112.571"/>
  <testcase classname="com.TransBnk.TestClass_Deals.TestClass_AutoSign_ForMakerCheker_SameEntity" name="Verify_ClickOnVerifyButton" time="0.566"/>
  <testcase classname="com.TransBnk.TestClass_Deals.TestClass_AutoSign_ForMakerCheker_SameEntity" name="Verify_ClickOnCheckBox" time="2.054"/>
  <testcase classname="com.TransBnk.TestClass_Deals.TestClass_AutoSign_ForMakerCheker_SameEntity" name="Verify_ClickOnProceedToSignButton" time="0.577"/>
  <testcase classname="com.TransBnk.TestClass_Deals.TestClass_AutoSign_ForMakerCheker_SameEntity" name="Verify_ClickOnCheckBoxOnAdharCard" time="5.038"/>
  <testcase classname="com.TransBnk.TestClass_Deals.TestClass_AutoSign_ForMakerCheker_SameEntity" name="Verify_EnterAdharNumber" time="0.602"/>
  <testcase classname="com.TransBnk.TestClass_Deals.TestClass_AutoSign_ForMakerCheker_SameEntity" name="Verify_ClickOnSendOTPbutton" time="3.631"/>
  <testcase classname="com.TransBnk.TestClass_Deals.TestClass_AutoSign_ForMakerCheker_SameEntity" name="Verify_SwitchToOriginalTab" time="0.017"/>
</testsuite> <!-- com.TransBnk.TestClass_Deals.TestClass_AutoSign_ForMakerCheker_SameEntity -->
