<?xml version="1.0" encoding="UTF-8"?>
<!-- Generated by org.testng.reporters.JUnitReportReporter -->
<testsuite hostname="LT-SAKSHI" failures="0" tests="19" name="com.TransBnk.TestClass_Payouts.TestClass_Bulk_Beneficiary" time="29.848" errors="0" timestamp="2024-07-19T15:21:13 IST" skipped="0">
  <testcase classname="com.TransBnk.TestClass_Payouts.TestClass_Bulk_Beneficiary" name="Verify_Select_Entity" time="7.095"/>
  <testcase classname="com.TransBnk.TestClass_Payouts.TestClass_Bulk_Beneficiary" name="Verify_Select_Product" time="3.276"/>
  <testcase classname="com.TransBnk.TestClass_Payouts.TestClass_Bulk_Beneficiary" name="Verify_ClickOn_PayoutsOption" time="1.301"/>
  <testcase classname="com.TransBnk.TestClass_Payouts.TestClass_Bulk_Beneficiary" name="Verify_ClickOn_Bulk_BeneficiaryOption" time="0.765"/>
  <testcase classname="com.TransBnk.TestClass_Payouts.TestClass_Bulk_Beneficiary" name="Verify_ClickOn_Add_Bulk_Beneficiary_Button" time="1.490"/>
  <testcase classname="com.TransBnk.TestClass_Payouts.TestClass_Bulk_Beneficiary" name="Verify_Upload_BlankFile" time="0.616"/>
  <testcase classname="com.TransBnk.TestClass_Payouts.TestClass_Bulk_Beneficiary" name="Veirfy_ErrorValidationForUploading_BlankFile" time="0.138"/>
  <testcase classname="com.TransBnk.TestClass_Payouts.TestClass_Bulk_Beneficiary" name="ClickOn_CancelButton" time="0.660"/>
  <testcase classname="com.TransBnk.TestClass_Payouts.TestClass_Bulk_Beneficiary" name="Verify_ClickOn_Add_Bulk_Beneficiary_Button_1" time="0.826"/>
  <testcase classname="com.TransBnk.TestClass_Payouts.TestClass_Bulk_Beneficiary" name="Verify_BeneficiaryExcelFile_Headers" time="0.342"/>
  <testcase classname="com.TransBnk.TestClass_Payouts.TestClass_Bulk_Beneficiary" name="writeDataToExcelFile" time="0.524"/>
  <testcase classname="com.TransBnk.TestClass_Payouts.TestClass_Bulk_Beneficiary" name="Verify_Upload_ValidBeneficiaryFile" time="0.581"/>
  <testcase classname="com.TransBnk.TestClass_Payouts.TestClass_Bulk_Beneficiary" name="Veirfy_SelectBankName" time="2.046"/>
  <testcase classname="com.TransBnk.TestClass_Payouts.TestClass_Bulk_Beneficiary" name="Verify_EnterRemarkInField" time="0.771"/>
  <testcase classname="com.TransBnk.TestClass_Payouts.TestClass_Bulk_Beneficiary" name="Verify_ClickOnConfirmButton" time="0.782"/>
  <testcase classname="com.TransBnk.TestClass_Payouts.TestClass_Bulk_Beneficiary" name="Verify_StatusForUploadedBulkBeneficiary" time="4.524"/>
  <testcase classname="com.TransBnk.TestClass_Payouts.TestClass_Bulk_Beneficiary" name="Verify_ClickOn_PayoutsOptionAfterUploadingBulkBeneficiary" time="1.132"/>
  <testcase classname="com.TransBnk.TestClass_Payouts.TestClass_Bulk_Beneficiary" name="Verify_ClickOn_BeneficiaryListOption" time="0.783"/>
  <testcase classname="com.TransBnk.TestClass_Payouts.TestClass_Bulk_Beneficiary" name="Verify_ValidateValidRecords" time="2.196"/>
</testsuite> <!-- com.TransBnk.TestClass_Payouts.TestClass_Bulk_Beneficiary -->
