<?xml version="1.0" encoding="UTF-8"?>
<!-- Generated by org.testng.reporters.JUnitReportReporter -->
<testsuite hostname="DESKTOP-6PMNGS4" failures="0" tests="13" name="com.TransBnk.TestClass.TestClass_Template_Creation" time="38.550" errors="0" timestamp="2024-03-04T10:52:28 IST" skipped="0">
  <testcase classname="com.TransBnk.TestClass.TestClass_Template_Creation" name="Verify_Select_Entity" time="7.018"/>
  <testcase classname="com.TransBnk.TestClass.TestClass_Template_Creation" name="Verify_Select_Product" time="4.356"/>
  <testcase classname="com.TransBnk.TestClass.TestClass_Template_Creation" name="VerifyClickOnDocuflow" time="2.126"/>
  <testcase classname="com.TransBnk.TestClass.TestClass_Template_Creation" name="VerifyClickOnTemplate" time="3.057"/>
  <testcase classname="com.TransBnk.TestClass.TestClass_Template_Creation" name="VerifyState" time="2.327"/>
  <testcase classname="com.TransBnk.TestClass.TestClass_Template_Creation" name="VerifyClickOn_MarkTemplateField" time="0.947"/>
  <testcase classname="com.TransBnk.TestClass.TestClass_Template_Creation" name="VerifySelectStateName_FromPredefinedList" time="1.261"/>
  <testcase classname="com.TransBnk.TestClass.TestClass_Template_Creation" name="VerifyClickOnConfirmButton" time="1.253"/>
  <testcase classname="com.TransBnk.TestClass.TestClass_Template_Creation" name="VerifyAgreementDate" time="2.214"/>
  <testcase classname="com.TransBnk.TestClass.TestClass_Template_Creation" name="VerifyClickOn_MarkTemplateField_agreementDate" time="0.869"/>
  <testcase classname="com.TransBnk.TestClass.TestClass_Template_Creation" name="VerifySelectStateName_FromPredefinedList_AgreementDate" time="1.222"/>
  <testcase classname="com.TransBnk.TestClass.TestClass_Template_Creation" name="VerifyClickOnConfirmButton_agreeementDAte" time="1.229"/>
  <testcase classname="com.TransBnk.TestClass.TestClass_Template_Creation" name="VerifyAddRepeatingSection" time="10.671"/>
</testsuite> <!-- com.TransBnk.TestClass.TestClass_Template_Creation -->
