<?xml version="1.0" encoding="UTF-8"?>
<!-- Generated by org.testng.reporters.JUnitReportReporter -->
<testsuite hostname="LT-SAKSHI" failures="0" tests="5" name="com.TransBnk.TestClass_RiskRadar.TestClass_RiskRadar_FilterOption_Transaction" time="15.448" errors="0" timestamp="2024-06-14T09:43:04 IST" skipped="0">
  <testcase classname="com.TransBnk.TestClass_RiskRadar.TestClass_RiskRadar_FilterOption_Transaction" name="Verify_Select_Entity" time="5.516"/>
  <testcase classname="com.TransBnk.TestClass_RiskRadar.TestClass_RiskRadar_FilterOption_Transaction" name="Verify_Select_Product" time="6.222"/>
  <testcase classname="com.TransBnk.TestClass_RiskRadar.TestClass_RiskRadar_FilterOption_Transaction" name="Verify_ClickOnRiskRadarOption" time="1.582"/>
  <testcase classname="com.TransBnk.TestClass_RiskRadar.TestClass_RiskRadar_FilterOption_Transaction" name="Verify_ClickOnTransactionOption" time="0.616"/>
  <testcase classname="com.TransBnk.TestClass_RiskRadar.TestClass_RiskRadar_FilterOption_Transaction" name="Verify_checkCustomerNameFilterOnBankBalancePage" time="1.512"/>
</testsuite> <!-- com.TransBnk.TestClass_RiskRadar.TestClass_RiskRadar_FilterOption_Transaction -->
