<?xml version="1.0" encoding="UTF-8"?>
<!-- Generated by org.testng.reporters.JUnitReportReporter -->
<testsuite hostname="LT-SAKSHI" failures="0" tests="8" name="com.TransBnk.TestClass_RiskRadar.TestClass_CheckDownloadCenterForTransaction" time="229.907" errors="0" timestamp="2024-07-19T15:09:38 IST" skipped="0">
  <testcase classname="com.TransBnk.TestClass_RiskRadar.TestClass_CheckDownloadCenterForTransaction" name="Verify_Select_Entity" time="4.728"/>
  <testcase classname="com.TransBnk.TestClass_RiskRadar.TestClass_CheckDownloadCenterForTransaction" name="Verify_Select_Product" time="6.335"/>
  <testcase classname="com.TransBnk.TestClass_RiskRadar.TestClass_CheckDownloadCenterForTransaction" name="Verify_ClickOnRiskRadarOption" time="1.587"/>
  <testcase classname="com.TransBnk.TestClass_RiskRadar.TestClass_CheckDownloadCenterForTransaction" name="Verify_ClickOnBankBalance" time="0.665"/>
  <testcase classname="com.TransBnk.TestClass_RiskRadar.TestClass_CheckDownloadCenterForTransaction" name="Verify_ClickExportButtonOnBankBalancePage" time="3.701"/>
  <testcase classname="com.TransBnk.TestClass_RiskRadar.TestClass_CheckDownloadCenterForTransaction" name="validateDownloadCenterService" time="4.329"/>
  <testcase classname="com.TransBnk.TestClass_RiskRadar.TestClass_CheckDownloadCenterForTransaction" name="validateReportsOption" time="4.371"/>
  <testcase classname="com.TransBnk.TestClass_RiskRadar.TestClass_CheckDownloadCenterForTransaction" name="Verify_BankBalanceStatusinDownloadCenterForBankBalance" time="204.191"/>
</testsuite> <!-- com.TransBnk.TestClass_RiskRadar.TestClass_CheckDownloadCenterForTransaction -->
