<?xml version="1.0" encoding="UTF-8"?>
<!-- Generated by org.testng.reporters.JUnitReportReporter -->
<testsuite hostname="DESKTOP-6PMNGS4" failures="0" tests="7" name="com.TransBnk.TestClass_Payouts.TestClass_Accounts_Master" time="15.267" errors="0" timestamp="2024-03-05T10:55:46 IST" skipped="0">
  <testcase classname="com.TransBnk.TestClass_Payouts.TestClass_Accounts_Master" name="Verify_Select_Entity" time="6.826"/>
  <testcase classname="com.TransBnk.TestClass_Payouts.TestClass_Accounts_Master" name="Verify_Select_Product" time="4.281"/>
  <testcase classname="com.TransBnk.TestClass_Payouts.TestClass_Accounts_Master" name="Verify_ClickOn_PayoutsOption" time="1.188"/>
  <testcase classname="com.TransBnk.TestClass_Payouts.TestClass_Accounts_Master" name="Verify_ClickOn_Accounts_Master" time="0.645"/>
  <testcase classname="com.TransBnk.TestClass_Payouts.TestClass_Accounts_Master" name="Verify_ClickOn_UploadButton" time="1.109"/>
  <testcase classname="com.TransBnk.TestClass_Payouts.TestClass_Accounts_Master" name="Verify_Upload_BlankFile" time="1.097"/>
  <testcase classname="com.TransBnk.TestClass_Payouts.TestClass_Accounts_Master" name="Veirfy_ErrorValidationForUploading_BlankFile" time="0.121"/>
</testsuite> <!-- com.TransBnk.TestClass_Payouts.TestClass_Accounts_Master -->
