<?xml version="1.0" encoding="UTF-8"?>
<!-- Generated by org.testng.reporters.JUnitReportReporter -->
<testsuite hostname="DESKTOP-6PMNGS4" failures="0" tests="24" name="com.TransBnk.TestClass.TestClass_MakerCheckerFlow_ForSameEntity" time="153.137" errors="0" timestamp="2024-02-09T16:58:08 IST" skipped="0">
  <testcase classname="com.TransBnk.TestClass.TestClass_MakerCheckerFlow_ForSameEntity" name="Verify_Select_Entity" time="7.163"/>
  <testcase classname="com.TransBnk.TestClass.TestClass_MakerCheckerFlow_ForSameEntity" name="Verify_Select_Product" time="4.349"/>
  <testcase classname="com.TransBnk.TestClass.TestClass_MakerCheckerFlow_ForSameEntity" name="VerifyClickOnDocuflow" time="2.126"/>
  <testcase classname="com.TransBnk.TestClass.TestClass_MakerCheckerFlow_ForSameEntity" name="VerifyClickOnDeals" time="0.678"/>
  <testcase classname="com.TransBnk.TestClass.TestClass_MakerCheckerFlow_ForSameEntity" name="ClickOn_Create_button" time="3.157"/>
  <testcase classname="com.TransBnk.TestClass.TestClass_MakerCheckerFlow_ForSameEntity" name="Verify_Deal_creation_page" time="16.853"/>
  <testcase classname="com.TransBnk.TestClass.TestClass_MakerCheckerFlow_ForSameEntity" name="Verify_EnterNumberOfParties" time="26.511"/>
  <testcase classname="com.TransBnk.TestClass.TestClass_MakerCheckerFlow_ForSameEntity" name="AddCustomSignatories_party1" time="18.274"/>
  <testcase classname="com.TransBnk.TestClass.TestClass_MakerCheckerFlow_ForSameEntity" name="ClickOnSelectPredefinedSignatoriesOption" time="1.153"/>
  <testcase classname="com.TransBnk.TestClass.TestClass_MakerCheckerFlow_ForSameEntity" name="SelectPredefinedSignatoriesFromDropdown" time="0.109"/>
  <testcase classname="com.TransBnk.TestClass.TestClass_MakerCheckerFlow_ForSameEntity" name="ClickOnConfirmButton" time="0.917"/>
  <testcase classname="com.TransBnk.TestClass.TestClass_MakerCheckerFlow_ForSameEntity" name="ClickOnDropDown_Party2" time="4.135"/>
  <testcase classname="com.TransBnk.TestClass.TestClass_MakerCheckerFlow_ForSameEntity" name="AddCustomSignatories_Party2" time="5.595"/>
  <testcase classname="com.TransBnk.TestClass.TestClass_MakerCheckerFlow_ForSameEntity" name="Verify_EmptyFieldValidation_CustomeSignatories" time="0.564"/>
  <testcase classname="com.TransBnk.TestClass.TestClass_MakerCheckerFlow_ForSameEntity" name="VerifyInvalidInputs_fieldValidation_CustomeSignatories" time="1.489"/>
  <testcase classname="com.TransBnk.TestClass.TestClass_MakerCheckerFlow_ForSameEntity" name="ClickOnAddCustomSignatories_Party2" time="5.593"/>
  <testcase classname="com.TransBnk.TestClass.TestClass_MakerCheckerFlow_ForSameEntity" name="EnterValidDetails_CustomSignatories_Party2" time="7.156"/>
  <testcase classname="com.TransBnk.TestClass.TestClass_MakerCheckerFlow_ForSameEntity" name="Verify_AddCustomSignatories_party3" time="28.376"/>
  <testcase classname="com.TransBnk.TestClass.TestClass_MakerCheckerFlow_ForSameEntity" name="Verify_performActionsBasedOnDealRefID" time="4.568"/>
  <testcase classname="com.TransBnk.TestClass.TestClass_MakerCheckerFlow_ForSameEntity" name="Verify_ClickOnSendForExecutionButton" time="4.202"/>
  <testcase classname="com.TransBnk.TestClass.TestClass_MakerCheckerFlow_ForSameEntity" name="ClickOnDocuflowOption" time="2.138"/>
  <testcase classname="com.TransBnk.TestClass.TestClass_MakerCheckerFlow_ForSameEntity" name="ClickOn_DealVerificationOption" time="0.866"/>
  <testcase classname="com.TransBnk.TestClass.TestClass_MakerCheckerFlow_ForSameEntity" name="PerformActionBasedOnDealID_ForDeal_Verification" time="4.454"/>
  <testcase classname="com.TransBnk.TestClass.TestClass_MakerCheckerFlow_ForSameEntity" name="ClickOnSendForExecutionButton" time="2.711"/>
</testsuite> <!-- com.TransBnk.TestClass.TestClass_MakerCheckerFlow_ForSameEntity -->
