<?xml version="1.0" encoding="UTF-8"?>
<!-- Generated by org.testng.reporters.JUnitReportReporter -->
<testsuite hostname="DESKTOP-6PMNGS4" failures="0" tests="17" name="com.TransBnk.TestClass.TestClass_AddSignatories_after_generateAgreement_DealWithoutTemplate" time="129.596" errors="0" timestamp="2024-02-19T16:20:03 IST" skipped="0">
  <testcase classname="com.TransBnk.TestClass.TestClass_AddSignatories_after_generateAgreement_DealWithoutTemplate" name="Verify_Select_Entity" time="6.872"/>
  <testcase classname="com.TransBnk.TestClass.TestClass_AddSignatories_after_generateAgreement_DealWithoutTemplate" name="Verify_Select_Product" time="4.299"/>
  <testcase classname="com.TransBnk.TestClass.TestClass_AddSignatories_after_generateAgreement_DealWithoutTemplate" name="VerifyClickOnDocuflow" time="2.093"/>
  <testcase classname="com.TransBnk.TestClass.TestClass_AddSignatories_after_generateAgreement_DealWithoutTemplate" name="VerifyClickOnDeals" time="21.045"/>
  <testcase classname="com.TransBnk.TestClass.TestClass_AddSignatories_after_generateAgreement_DealWithoutTemplate" name="Verify_EnterNumberOfParties" time="27.877"/>
  <testcase classname="com.TransBnk.TestClass.TestClass_AddSignatories_after_generateAgreement_DealWithoutTemplate" name="AddCustomSignatories_party1" time="18.238"/>
  <testcase classname="com.TransBnk.TestClass.TestClass_AddSignatories_after_generateAgreement_DealWithoutTemplate" name="ClickOnSelectPredefinedSignatoriesOption" time="1.135"/>
  <testcase classname="com.TransBnk.TestClass.TestClass_AddSignatories_after_generateAgreement_DealWithoutTemplate" name="SelectPredefinedSignatoriesFromDropdown" time="0.084"/>
  <testcase classname="com.TransBnk.TestClass.TestClass_AddSignatories_after_generateAgreement_DealWithoutTemplate" name="ClickOnConfirmButton" time="0.906"/>
  <testcase classname="com.TransBnk.TestClass.TestClass_AddSignatories_after_generateAgreement_DealWithoutTemplate" name="ClickOnDropDown_Party2" time="4.086"/>
  <testcase classname="com.TransBnk.TestClass.TestClass_AddSignatories_after_generateAgreement_DealWithoutTemplate" name="AddCustomSignatories_Party2" time="5.520"/>
  <testcase classname="com.TransBnk.TestClass.TestClass_AddSignatories_after_generateAgreement_DealWithoutTemplate" name="EnterValidDetails_CustomSignatories_Party2" time="7.080"/>
  <testcase classname="com.TransBnk.TestClass.TestClass_AddSignatories_after_generateAgreement_DealWithoutTemplate" name="Verify_AddCustomSignatories_party3_" time="15.658"/>
  <testcase classname="com.TransBnk.TestClass.TestClass_AddSignatories_after_generateAgreement_DealWithoutTemplate" name="Verify_performActionsBasedOnDealRefID" time="4.522"/>
  <testcase classname="com.TransBnk.TestClass.TestClass_AddSignatories_after_generateAgreement_DealWithoutTemplate" name="Verify_ClickOnAddSignatoriesButton" time="2.140"/>
  <testcase classname="com.TransBnk.TestClass.TestClass_AddSignatories_after_generateAgreement_DealWithoutTemplate" name="Verify_AddSignatoriesAfterGenerateAgreement" time="4.481"/>
  <testcase classname="com.TransBnk.TestClass.TestClass_AddSignatories_after_generateAgreement_DealWithoutTemplate" name="ClickOnSendForExecutionButton" time="3.560"/>
</testsuite> <!-- com.TransBnk.TestClass.TestClass_AddSignatories_after_generateAgreement_DealWithoutTemplate -->
