<?xml version="1.0" encoding="UTF-8"?>
<!-- Generated by org.testng.reporters.JUnitReportReporter -->
<testsuite hostname="LT-SAKSHI" failures="0" tests="10" name="com.TransBnk.TestClass_Deals.TestClass_Deal_WithoutTemplate" time="110.107" errors="0" timestamp="2024-08-20T18:14:14 IST" skipped="0">
  <testcase classname="com.TransBnk.TestClass_Deals.TestClass_Deal_WithoutTemplate" name="Verify_Select_Entity" time="7.193"/>
  <testcase classname="com.TransBnk.TestClass_Deals.TestClass_Deal_WithoutTemplate" name="Verify_Select_Product" time="3.272"/>
  <testcase classname="com.TransBnk.TestClass_Deals.TestClass_Deal_WithoutTemplate" name="Verify_ReadMailAnd_ClickOnReviewSignButton_forDealWithoutTemplate" time="25.586"/>
  <testcase classname="com.TransBnk.TestClass_Deals.TestClass_Deal_WithoutTemplate" name="Verify_EnterOTPFrom_Mail_forDealWithoutTemplate" time="31.993"/>
  <testcase classname="com.TransBnk.TestClass_Deals.TestClass_Deal_WithoutTemplate" name="Verify_ClickOnVerifyButton" time="0.587"/>
  <testcase classname="com.TransBnk.TestClass_Deals.TestClass_Deal_WithoutTemplate" name="Verify_ClickOnCheckBox" time="2.122"/>
  <testcase classname="com.TransBnk.TestClass_Deals.TestClass_Deal_WithoutTemplate" name="Verify_ClickOnProceedToSignButton" time="0.588"/>
  <testcase classname="com.TransBnk.TestClass_Deals.TestClass_Deal_WithoutTemplate" name="Verify_ClickOnCheckBoxOnAdharCard" time="5.127"/>
  <testcase classname="com.TransBnk.TestClass_Deals.TestClass_Deal_WithoutTemplate" name="Verify_EnterAdharNumber" time="1.089"/>
  <testcase classname="com.TransBnk.TestClass_Deals.TestClass_Deal_WithoutTemplate" name="Verify_ClickOnSendOTPbutton" time="32.550"/>
</testsuite> <!-- com.TransBnk.TestClass_Deals.TestClass_Deal_WithoutTemplate -->
