<?xml version="1.0" encoding="UTF-8"?>
<!-- Generated by org.testng.reporters.JUnitReportReporter -->
<testsuite hostname="DESKTOP-6PMNGS4" failures="0" tests="34" name="com.TransBnk.TestClass.TestClass_MakerChecker_DealCorrection_ForSameEntity" time="202.620" errors="0" timestamp="2024-02-06T16:00:39 IST" skipped="0">
  <testcase classname="com.TransBnk.TestClass.TestClass_MakerChecker_DealCorrection_ForSameEntity" name="Verify_Select_Entity" time="7.102"/>
  <testcase classname="com.TransBnk.TestClass.TestClass_MakerChecker_DealCorrection_ForSameEntity" name="Verify_Select_Product" time="3.328"/>
  <testcase classname="com.TransBnk.TestClass.TestClass_MakerChecker_DealCorrection_ForSameEntity" name="VerifyClickOnDocuflow" time="2.143"/>
  <testcase classname="com.TransBnk.TestClass.TestClass_MakerChecker_DealCorrection_ForSameEntity" name="VerifyClickOnDeals" time="0.683"/>
  <testcase classname="com.TransBnk.TestClass.TestClass_MakerChecker_DealCorrection_ForSameEntity" name="ClickOn_Create_button" time="3.202"/>
  <testcase classname="com.TransBnk.TestClass.TestClass_MakerChecker_DealCorrection_ForSameEntity" name="Verify_Deal_creation_page" time="16.713"/>
  <testcase classname="com.TransBnk.TestClass.TestClass_MakerChecker_DealCorrection_ForSameEntity" name="Verify_EnterNumberOfParties" time="24.985"/>
  <testcase classname="com.TransBnk.TestClass.TestClass_MakerChecker_DealCorrection_ForSameEntity" name="AddCustomSignatories_party1" time="18.349"/>
  <testcase classname="com.TransBnk.TestClass.TestClass_MakerChecker_DealCorrection_ForSameEntity" name="ClickOnSelectPredefinedSignatoriesOption" time="1.122"/>
  <testcase classname="com.TransBnk.TestClass.TestClass_MakerChecker_DealCorrection_ForSameEntity" name="SelectPredefinedSignatoriesFromDropdown" time="0.102"/>
  <testcase classname="com.TransBnk.TestClass.TestClass_MakerChecker_DealCorrection_ForSameEntity" name="ClickOnConfirmButton" time="0.949"/>
  <testcase classname="com.TransBnk.TestClass.TestClass_MakerChecker_DealCorrection_ForSameEntity" name="ClickOnDropDown_Party2" time="4.104"/>
  <testcase classname="com.TransBnk.TestClass.TestClass_MakerChecker_DealCorrection_ForSameEntity" name="AddCustomSignatories_Party2" time="5.579"/>
  <testcase classname="com.TransBnk.TestClass.TestClass_MakerChecker_DealCorrection_ForSameEntity" name="Verify_EmptyFieldValidation_CustomeSignatories" time="0.565"/>
  <testcase classname="com.TransBnk.TestClass.TestClass_MakerChecker_DealCorrection_ForSameEntity" name="VerifyInvalidInputs_fieldValidation_CustomeSignatories" time="1.497"/>
  <testcase classname="com.TransBnk.TestClass.TestClass_MakerChecker_DealCorrection_ForSameEntity" name="ClickOnAddCustomSignatories_Party2" time="5.521"/>
  <testcase classname="com.TransBnk.TestClass.TestClass_MakerChecker_DealCorrection_ForSameEntity" name="EnterValidDetails_CustomSignatories_Party2" time="7.303"/>
  <testcase classname="com.TransBnk.TestClass.TestClass_MakerChecker_DealCorrection_ForSameEntity" name="Verify_AddCustomSignatories_party3" time="28.404"/>
  <testcase classname="com.TransBnk.TestClass.TestClass_MakerChecker_DealCorrection_ForSameEntity" name="Verify_performActionsBasedOnDealRefID" time="4.573"/>
  <testcase classname="com.TransBnk.TestClass.TestClass_MakerChecker_DealCorrection_ForSameEntity" name="Verify_ClickOnSubmitForVerificationButton" time="4.232"/>
  <testcase classname="com.TransBnk.TestClass.TestClass_MakerChecker_DealCorrection_ForSameEntity" name="ClickOnDocuflowOption" time="2.124"/>
  <testcase classname="com.TransBnk.TestClass.TestClass_MakerChecker_DealCorrection_ForSameEntity" name="ClickOn_DealVerificationOption" time="0.881"/>
  <testcase classname="com.TransBnk.TestClass.TestClass_MakerChecker_DealCorrection_ForSameEntity" name="PerformActionBasedOnDealID_ForDeal_Verification" time="4.379"/>
  <testcase classname="com.TransBnk.TestClass.TestClass_MakerChecker_DealCorrection_ForSameEntity" name="Verify_DealReturnForCorrectionFlow" time="1.926"/>
  <testcase classname="com.TransBnk.TestClass.TestClass_MakerChecker_DealCorrection_ForSameEntity" name="ClickOn_DocuflowOption" time="2.077"/>
  <testcase classname="com.TransBnk.TestClass.TestClass_MakerChecker_DealCorrection_ForSameEntity" name="ClickOnDeals" time="0.637"/>
  <testcase classname="com.TransBnk.TestClass.TestClass_MakerChecker_DealCorrection_ForSameEntity" name="performActionsBasedOnDealRefID" time="24.363"/>
  <testcase classname="com.TransBnk.TestClass.TestClass_MakerChecker_DealCorrection_ForSameEntity" name="EditPartyDetails_andClickOnproceedButton" time="7.010"/>
  <testcase classname="com.TransBnk.TestClass.TestClass_MakerChecker_DealCorrection_ForSameEntity" name="performActionsBasedOnDealRefID_afterDealCorrection" time="4.407"/>
  <testcase classname="com.TransBnk.TestClass.TestClass_MakerChecker_DealCorrection_ForSameEntity" name="ClickOnSendForVerificationButton" time="4.269"/>
  <testcase classname="com.TransBnk.TestClass.TestClass_MakerChecker_DealCorrection_ForSameEntity" name="ClickOnDocuflowOption_" time="2.144"/>
  <testcase classname="com.TransBnk.TestClass.TestClass_MakerChecker_DealCorrection_ForSameEntity" name="ClickOn_DealVerificationOption_" time="0.860"/>
  <testcase classname="com.TransBnk.TestClass.TestClass_MakerChecker_DealCorrection_ForSameEntity" name="PerformActionBasedOnDealID_ForDeal_VerificationAfterDealCorrection" time="4.355"/>
  <testcase classname="com.TransBnk.TestClass.TestClass_MakerChecker_DealCorrection_ForSameEntity" name="ClickOnSendForExecutionButton" time="2.732"/>
</testsuite> <!-- com.TransBnk.TestClass.TestClass_MakerChecker_DealCorrection_ForSameEntity -->
