<?xml version="1.0" encoding="UTF-8"?>
<!-- Generated by org.testng.reporters.JUnitReportReporter -->
<testsuite hostname="DESKTOP-6PMNGS4" failures="0" tests="6" name="com.TransBnk.TestClass.TestClass_edit_template" time="19.229" errors="0" timestamp="2024-03-01T15:54:07 IST" skipped="0">
  <testcase classname="com.TransBnk.TestClass.TestClass_edit_template" name="Verify_Select_Entity" time="7.727"/>
  <testcase classname="com.TransBnk.TestClass.TestClass_edit_template" name="Verify_Select_Product" time="4.289"/>
  <testcase classname="com.TransBnk.TestClass.TestClass_edit_template" name="VerifyClickOnDocuflow" time="2.104"/>
  <testcase classname="com.TransBnk.TestClass.TestClass_edit_template" name="VerifyClickOnTemplate" time="2.949"/>
  <testcase classname="com.TransBnk.TestClass.TestClass_edit_template" name="Verify_AddedTemplateFields_StateName" time="1.096"/>
  <testcase classname="com.TransBnk.TestClass.TestClass_edit_template" name="Verify_AddedTemplateFields_AgreementDate" time="1.064"/>
</testsuite> <!-- com.TransBnk.TestClass.TestClass_edit_template -->
