<?xml version="1.0" encoding="UTF-8"?>
<!-- Generated by org.testng.reporters.JUnitReportReporter -->
<testsuite hostname="DESKTOP-6PMNGS4" failures="0" tests="25" name="com.TransBnk.TestClass.TestClass_makerChekerFlow_forDifferentEntity" time="155.602" errors="0" timestamp="2024-02-07T15:25:46 IST" skipped="0">
  <testcase classname="com.TransBnk.TestClass.TestClass_makerChekerFlow_forDifferentEntity" name="Verify_Select_Entity" time="6.816"/>
  <testcase classname="com.TransBnk.TestClass.TestClass_makerChekerFlow_forDifferentEntity" name="Verify_Select_ProductName" time="4.305"/>
  <testcase classname="com.TransBnk.TestClass.TestClass_makerChekerFlow_forDifferentEntity" name="VerifyClickOnDocuflow" time="2.093"/>
  <testcase classname="com.TransBnk.TestClass.TestClass_makerChekerFlow_forDifferentEntity" name="VerifyClickOnDeals" time="0.655"/>
  <testcase classname="com.TransBnk.TestClass.TestClass_makerChekerFlow_forDifferentEntity" name="ClickOn_Create_button" time="3.122"/>
  <testcase classname="com.TransBnk.TestClass.TestClass_makerChekerFlow_forDifferentEntity" name="Verify_Deal_creation_page" time="16.213"/>
  <testcase classname="com.TransBnk.TestClass.TestClass_makerChekerFlow_forDifferentEntity" name="Verify_EnterNumberOfParties" time="23.904"/>
  <testcase classname="com.TransBnk.TestClass.TestClass_makerChekerFlow_forDifferentEntity" name="AddCustomSignatories_party1" time="18.221"/>
  <testcase classname="com.TransBnk.TestClass.TestClass_makerChekerFlow_forDifferentEntity" name="ClickOnSelectPredefinedSignatoriesOption" time="1.115"/>
  <testcase classname="com.TransBnk.TestClass.TestClass_makerChekerFlow_forDifferentEntity" name="SelectPredefinedSignatoriesFromDropdown" time="0.091"/>
  <testcase classname="com.TransBnk.TestClass.TestClass_makerChekerFlow_forDifferentEntity" name="ClickOnConfirmButton" time="0.904"/>
  <testcase classname="com.TransBnk.TestClass.TestClass_makerChekerFlow_forDifferentEntity" name="ClickOnDropDown_Party2" time="4.092"/>
  <testcase classname="com.TransBnk.TestClass.TestClass_makerChekerFlow_forDifferentEntity" name="AddCustomSignatories_Party2" time="5.542"/>
  <testcase classname="com.TransBnk.TestClass.TestClass_makerChekerFlow_forDifferentEntity" name="Verify_EmptyFieldValidation_CustomeSignatories" time="0.506"/>
  <testcase classname="com.TransBnk.TestClass.TestClass_makerChekerFlow_forDifferentEntity" name="VerifyInvalidInputs_fieldValidation_CustomeSignatories" time="1.381"/>
  <testcase classname="com.TransBnk.TestClass.TestClass_makerChekerFlow_forDifferentEntity" name="ClickOnAddCustomSignatories_Party2" time="5.460"/>
  <testcase classname="com.TransBnk.TestClass.TestClass_makerChekerFlow_forDifferentEntity" name="EnterValidDetails_CustomSignatories_Party2" time="7.085"/>
  <testcase classname="com.TransBnk.TestClass.TestClass_makerChekerFlow_forDifferentEntity" name="Verify_AddCustomSignatories_party3" time="28.138"/>
  <testcase classname="com.TransBnk.TestClass.TestClass_makerChekerFlow_forDifferentEntity" name="Verify_performActionsBasedOnDealRefID" time="4.480"/>
  <testcase classname="com.TransBnk.TestClass.TestClass_makerChekerFlow_forDifferentEntity" name="Verify_ClickOnSendForExecutionButton" time="4.163"/>
  <testcase classname="com.TransBnk.TestClass.TestClass_makerChekerFlow_forDifferentEntity" name="Select_Entity_forDiffMakerCheker" time="7.448"/>
  <testcase classname="com.TransBnk.TestClass.TestClass_makerChekerFlow_forDifferentEntity" name="ClickOnDocuflowOption" time="2.086"/>
  <testcase classname="com.TransBnk.TestClass.TestClass_makerChekerFlow_forDifferentEntity" name="ClickOn_DealVerificationOption" time="0.838"/>
  <testcase classname="com.TransBnk.TestClass.TestClass_makerChekerFlow_forDifferentEntity" name="PerformActionBasedOnDealID_ForDeal_Verification" time="4.293"/>
  <testcase classname="com.TransBnk.TestClass.TestClass_makerChekerFlow_forDifferentEntity" name="ClickOnSendForExecutionButton" time="2.651"/>
</testsuite> <!-- com.TransBnk.TestClass.TestClass_makerChekerFlow_forDifferentEntity -->
