<?xml version="1.0" encoding="UTF-8"?>
<!-- Generated by org.testng.reporters.JUnitReportReporter -->
<testsuite hostname="DESKTOP-6PMNGS4" failures="0" tests="41" name="com.TransBnk.TestClass.TestClass_NegativeScenarios" time="358.344" errors="0" timestamp="2024-02-19T12:33:58 IST" skipped="0">
  <testcase classname="com.TransBnk.TestClass.TestClass_NegativeScenarios" name="Verify_Select_Entity" time="7.167"/>
  <testcase classname="com.TransBnk.TestClass.TestClass_NegativeScenarios" name="Verify_Select_Product" time="4.290"/>
  <testcase classname="com.TransBnk.TestClass.TestClass_NegativeScenarios" name="VerifyClickOnDocuflow" time="2.097"/>
  <testcase classname="com.TransBnk.TestClass.TestClass_NegativeScenarios" name="VerifyClickOnDeals" time="21.127"/>
  <testcase classname="com.TransBnk.TestClass.TestClass_NegativeScenarios" name="Verify_EnterNumberOfParties" time="27.965"/>
  <testcase classname="com.TransBnk.TestClass.TestClass_NegativeScenarios" name="AddCustomSignatories_party1" time="18.217"/>
  <testcase classname="com.TransBnk.TestClass.TestClass_NegativeScenarios" name="ClickOnSelectPredefinedSignatoriesOption" time="1.090"/>
  <testcase classname="com.TransBnk.TestClass.TestClass_NegativeScenarios" name="SelectPredefinedSignatoriesFromDropdown" time="0.097"/>
  <testcase classname="com.TransBnk.TestClass.TestClass_NegativeScenarios" name="ClickOnConfirmButton" time="0.913"/>
  <testcase classname="com.TransBnk.TestClass.TestClass_NegativeScenarios" name="ClickOnDropDown_Party2" time="4.085"/>
  <testcase classname="com.TransBnk.TestClass.TestClass_NegativeScenarios" name="AddCustomSignatories_Party2" time="5.509"/>
  <testcase classname="com.TransBnk.TestClass.TestClass_NegativeScenarios" name="Verify_EmptyFieldValidation_CustomeSignatories" time="0.508"/>
  <testcase classname="com.TransBnk.TestClass.TestClass_NegativeScenarios" name="VerifyInvalidInputs_fieldValidation_CustomeSignatories" time="1.349"/>
  <testcase classname="com.TransBnk.TestClass.TestClass_NegativeScenarios" name="ClickOnAddCustomSignatories_Party2" time="5.536"/>
  <testcase classname="com.TransBnk.TestClass.TestClass_NegativeScenarios" name="EnterValidDetails_CustomSignatories_Party2" time="7.032"/>
  <testcase classname="com.TransBnk.TestClass.TestClass_NegativeScenarios" name="Verify_AddCustomSignatories_party3" time="9.711"/>
  <testcase classname="com.TransBnk.TestClass.TestClass_NegativeScenarios" name="Verify_EditParty_01_Details" time="9.364"/>
  <testcase classname="com.TransBnk.TestClass.TestClass_NegativeScenarios" name="Verify_EditParty_02_Details" time="6.182"/>
  <testcase classname="com.TransBnk.TestClass.TestClass_NegativeScenarios" name="Verify_EditParty_03_Details" time="3.850"/>
  <testcase classname="com.TransBnk.TestClass.TestClass_NegativeScenarios" name="Verify_Delete_Party01_Details" time="2.951"/>
  <testcase classname="com.TransBnk.TestClass.TestClass_NegativeScenarios" name="Verify_Delete_Party02_Details" time="2.909"/>
  <testcase classname="com.TransBnk.TestClass.TestClass_NegativeScenarios" name="Verify_Delete_Party03_Details" time="4.982"/>
  <testcase classname="com.TransBnk.TestClass.TestClass_NegativeScenarios" name="Verify_EnterNumberOfParties_" time="27.884"/>
  <testcase classname="com.TransBnk.TestClass.TestClass_NegativeScenarios" name="AddCustomSignatories_party1_" time="18.262"/>
  <testcase classname="com.TransBnk.TestClass.TestClass_NegativeScenarios" name="ClickOnSelectPredefinedSignatoriesOption_" time="1.112"/>
  <testcase classname="com.TransBnk.TestClass.TestClass_NegativeScenarios" name="SelectPredefinedSignatoriesFromDropdown_" time="0.085"/>
  <testcase classname="com.TransBnk.TestClass.TestClass_NegativeScenarios" name="ClickOnConfirmButton_" time="0.907"/>
  <testcase classname="com.TransBnk.TestClass.TestClass_NegativeScenarios" name="ClickOnDropDown_Party2_" time="4.101"/>
  <testcase classname="com.TransBnk.TestClass.TestClass_NegativeScenarios" name="AddCustomSignatories_Party2_" time="5.515"/>
  <testcase classname="com.TransBnk.TestClass.TestClass_NegativeScenarios" name="Verify_EmptyFieldValidation_CustomeSignatories_" time="0.499"/>
  <testcase classname="com.TransBnk.TestClass.TestClass_NegativeScenarios" name="VerifyInvalidInputs_fieldValidation_CustomeSignatories_" time="1.418"/>
  <testcase classname="com.TransBnk.TestClass.TestClass_NegativeScenarios" name="ClickOnAddCustomSignatories_Party2_" time="5.457"/>
  <testcase classname="com.TransBnk.TestClass.TestClass_NegativeScenarios" name="EnterValidDetails_CustomSignatories_Party2_" time="7.052"/>
  <testcase classname="com.TransBnk.TestClass.TestClass_NegativeScenarios" name="Verify_MultipleSIgnatoriesFlow" time="87.257"/>
  <testcase classname="com.TransBnk.TestClass.TestClass_NegativeScenarios" name="Verify_AddCustomSignatories_party3_" time="15.465"/>
  <testcase classname="com.TransBnk.TestClass.TestClass_NegativeScenarios" name="Verify_performActionsBasedOnDealRefID" time="4.551"/>
  <testcase classname="com.TransBnk.TestClass.TestClass_NegativeScenarios" name="Verify_ClickOnSendForExecutionButton" time="2.839"/>
  <testcase classname="com.TransBnk.TestClass.TestClass_NegativeScenarios" name="VerifyErrorValidationMsg_ForAddingMultipleSignatoires" time="0.277"/>
  <testcase classname="com.TransBnk.TestClass.TestClass_NegativeScenarios" name="Verify_CancelAgreement" time="23.904"/>
  <testcase classname="com.TransBnk.TestClass.TestClass_NegativeScenarios" name="Verify_DealStatus_AfterCancelAgreement" time="4.491"/>
  <testcase classname="com.TransBnk.TestClass.TestClass_NegativeScenarios" name="Verify_AgreementStatus_AfterCancelAgreement" time="0.337"/>
</testsuite> <!-- com.TransBnk.TestClass.TestClass_NegativeScenarios -->
